#
# There is insufficient memory for the Java Runtime Environment to continue.
# Native memory allocation (mmap) failed to map 27262976 bytes for Failed to commit area from 0x0000000089c00000 to 0x000000008b600000 of length 27262976.
# Possible reasons:
#   The system is out of physical RAM or swap space
#   The process is running with CompressedOops enabled, and the Java Heap may be blocking the growth of the native heap
# Possible solutions:
#   Reduce memory load on the system
#   Increase physical memory or swap space
#   Check if swap backing store is full
#   Decrease Java heap size (-Xmx/-Xms)
#   Decrease number of Java threads
#   Decrease Java thread stack sizes (-Xss)
#   Set larger code cache with -XX:ReservedCodeCacheSize=
#   JVM is running with Unscaled Compressed Oops mode in which the Java heap is
#     placed in the first 4GB address space. The Java Heap base address is the
#     maximum limit for the native heap growth. Please use -XX:HeapBaseMinAddress
#     to set the Java Heap base and to place the Java Heap above 4GB virtual address.
# This output file may be truncated or incomplete.
#
#  Out of Memory Error (./open/src/hotspot/os/windows/os_windows.cpp:3273), pid=4560, tid=6504
#
# JRE version: Java(TM) SE Runtime Environment 18.9 (11.0.12+8) (build 11.0.12+8-LTS-237)
# Java VM: Java HotSpot(TM) 64-Bit Server VM 18.9 (11.0.12+8-LTS-237, mixed mode, tiered, compressed oops, g1 gc, windows-amd64)
# No core dump will be written. Minidumps are not enabled by default on client versions of Windows
#

---------------  S U M M A R Y ------------

Command Line: -Xverify:none -XX:TieredStopAtLevel=1 -Dfile.encoding=windows-1250 -Duser.country=PL -Duser.language=pl -Duser.variant com.crud.tasks.TaskApplication

Host: Intel(R) Pentium(R) CPU  N3520  @ 2.16GHz, 4 cores, 7G,  Windows 8.1 , 64 bit Build 9600 (6.3.9600.19843)
Time: Sat Oct  9 20:19:11 2021 ?rodkowoeuropejski czas letni elapsed time: 27.463143 seconds (0d 0h 0m 27s)

---------------  T H R E A D  ---------------

Current thread (0x000000905aa67800):  VMThread "VM Thread" [stack: 0x000000905b890000,0x000000905b990000] [id=6504]

Stack: [0x000000905b890000,0x000000905b990000]
[error occurred during error reporting (printing stack bounds), id 0xc0000005, EXCEPTION_ACCESS_VIOLATION (0xc0000005) at pc=0x0000009044720f3e]

Native frames: (J=compiled Java code, j=interpreted, Vv=VM code, C=native code)
V  [jvm.dll+0x617d9a]
V  [jvm.dll+0x74eeef]
V  [jvm.dll+0x750599]
V  [jvm.dll+0x750b85]
V  [jvm.dll+0x750b3b]
V  [jvm.dll+0x6175d3]
V  [jvm.dll+0x617998]
C  [ntdll.dll+0x9345d]
C  [ntdll.dll+0x54937]
C  [ntdll.dll+0x925ea]
C  0x0000009044720f3e

VM_Operation (0x000000903ba3d000): G1CollectForAllocation, mode: safepoint, requested by thread 0x000000903c2a3000


---------------  P R O C E S S  ---------------

Threads class SMR info:
_java_thread_list=0x000000905e5a5dc0, length=9, elements={
0x000000903c2a3000, 0x000000905aa7d000, 0x000000905aa75000, 0x000000905b4f8800,
0x000000905b4f9800, 0x000000905b4fb000, 0x000000905b4fe000, 0x000000905aa87800,
0x000000905b627000
}

Java Threads: ( => current thread )
  0x000000903c2a3000 JavaThread "main" [_thread_blocked, id=9124, stack(0x000000903b940000,0x000000903ba40000)]
  0x000000905aa7d000 JavaThread "Reference Handler" daemon [_thread_blocked, id=1968, stack(0x000000905b990000,0x000000905ba90000)]
  0x000000905aa75000 JavaThread "Finalizer" daemon [_thread_blocked, id=8736, stack(0x000000905ba90000,0x000000905bb90000)]
  0x000000905b4f8800 JavaThread "Signal Dispatcher" daemon [_thread_blocked, id=6512, stack(0x000000905bc80000,0x000000905bd80000)]
  0x000000905b4f9800 JavaThread "Attach Listener" daemon [_thread_blocked, id=9032, stack(0x000000905bd80000,0x000000905be80000)]
  0x000000905b4fb000 JavaThread "Service Thread" daemon [_thread_blocked, id=7004, stack(0x000000905be80000,0x000000905bf80000)]
  0x000000905b4fe000 JavaThread "C1 CompilerThread0" daemon [_thread_blocked, id=5408, stack(0x000000905bf80000,0x000000905c080000)]
  0x000000905aa87800 JavaThread "Sweeper thread" daemon [_thread_blocked, id=6904, stack(0x000000905c080000,0x000000905c180000)]
  0x000000905b627000 JavaThread "Common-Cleaner" daemon [_thread_blocked, id=3348, stack(0x000000905c280000,0x000000905c380000)]

Other Threads:
=>0x000000905aa67800 VMThread "VM Thread" [stack: 0x000000905b890000,0x000000905b990000] [id=6504]
  0x000000905b626800 WatcherThread [stack: 0x000000905c180000,0x000000905c280000] [id=3792]
  0x000000903c2b8800 GCTaskThread "GC Thread#0" [stack: 0x000000903bc20000,0x000000903bd20000] [id=8344]
  0x000000905c8a4800 GCTaskThread "GC Thread#1" [stack: 0x000000905cc80000,0x000000905cd80000] [id=8172]
  0x000000905c879800 GCTaskThread "GC Thread#2" [stack: 0x000000905cd80000,0x000000905ce80000] [id=3312]
  0x000000905ca4c800 GCTaskThread "GC Thread#3" [stack: 0x000000905da30000,0x000000905db30000] [id=4676]
  0x000000903c2ea800 ConcurrentGCThread "G1 Main Marker" [stack: 0x0000009058240000,0x0000009058340000] [id=8048]
  0x000000903c2ec000 ConcurrentGCThread "G1 Conc#0" [stack: 0x0000009058340000,0x0000009058440000] [id=9208]
  0x000000905a8d0800 ConcurrentGCThread "G1 Refine#0" [stack: 0x000000905aa90000,0x000000905ab90000] [id=8624]
  0x000000905a8d1800 ConcurrentGCThread "G1 Young RemSet Sampling" [stack: 0x000000905ab90000,0x000000905ac90000] [id=8616]

Threads with active compile tasks:

VM state:at safepoint (normal execution)

VM Mutex/Monitor currently owned by a thread:  ([mutex/lock_event])
[0x000000903c2a0c70] Threads_lock - owner thread: 0x000000905aa67800
[0x000000903c2a20b0] Heap_lock - owner thread: 0x000000903c2a3000

Heap address: 0x0000000081c00000, size: 2020 MB, Compressed Oops mode: 32-bit
Narrow klass base: 0x0000000000000000, Narrow klass shift: 3
Compressed class space size: 1073741824 Address: 0x0000000100000000

Heap:
 garbage-first heap   total 157696K, used 16347K [0x0000000081c00000, 0x0000000100000000)
  region size 1024K, 9 young (9216K), 9 survivors (9216K)
 Metaspace       used 32883K, capacity 33877K, committed 34048K, reserved 1079296K
  class space    used 4159K, capacity 4576K, committed 4608K, reserved 1048576K
Heap Regions: E=young(eden), S=young(survivor), O=old, HS=humongous(starts), HC=humongous(continues), CS=collection set, F=free, A=archive, TAMS=top-at-mark-start (previous, next)
|   0|0x0000000081c00000, 0x0000000081d00000, 0x0000000081d00000|100%|HS|  |TAMS 0x0000000081d00000, 0x0000000081c00000| Complete 
|   1|0x0000000081d00000, 0x0000000081e00000, 0x0000000081e00000|100%| O|  |TAMS 0x0000000081e00000, 0x0000000081d00000| Untracked 
|   2|0x0000000081e00000, 0x0000000081f00000, 0x0000000081f00000|100%| O|  |TAMS 0x0000000081f00000, 0x0000000081e00000| Untracked 
|   3|0x0000000081f00000, 0x0000000082000000, 0x0000000082000000|100%| O|  |TAMS 0x0000000082000000, 0x0000000081f00000| Untracked 
|   4|0x0000000082000000, 0x0000000082100000, 0x0000000082100000|100%| O|  |TAMS 0x0000000082100000, 0x0000000082000000| Untracked 
|   5|0x0000000082100000, 0x0000000082200000, 0x0000000082200000|100%| O|  |TAMS 0x0000000082200000, 0x0000000082100000| Untracked 
|   6|0x0000000082200000, 0x0000000082300000, 0x0000000082300000|100%| O|  |TAMS 0x000000008223cc00, 0x0000000082200000| Untracked 
|   7|0x0000000082300000, 0x0000000082398a00, 0x0000000082400000| 59%| O|  |TAMS 0x0000000082300000, 0x0000000082300000| Untracked 
|   8|0x0000000082400000, 0x0000000082400000, 0x0000000082500000|  0%| F|  |TAMS 0x0000000082400000, 0x0000000082400000| Untracked 
|   9|0x0000000082500000, 0x0000000082500000, 0x0000000082600000|  0%| F|  |TAMS 0x0000000082500000, 0x0000000082500000| Untracked 
|  10|0x0000000082600000, 0x0000000082600000, 0x0000000082700000|  0%| F|  |TAMS 0x0000000082600000, 0x0000000082600000| Untracked 
|  11|0x0000000082700000, 0x0000000082700000, 0x0000000082800000|  0%| F|  |TAMS 0x0000000082700000, 0x0000000082700000| Untracked 
|  12|0x0000000082800000, 0x0000000082800000, 0x0000000082900000|  0%| F|  |TAMS 0x0000000082800000, 0x0000000082800000| Untracked 
|  13|0x0000000082900000, 0x0000000082900000, 0x0000000082a00000|  0%| F|  |TAMS 0x0000000082900000, 0x0000000082900000| Untracked 
|  14|0x0000000082a00000, 0x0000000082a00000, 0x0000000082b00000|  0%| F|  |TAMS 0x0000000082a00000, 0x0000000082a00000| Untracked 
|  15|0x0000000082b00000, 0x0000000082b00000, 0x0000000082c00000|  0%| F|  |TAMS 0x0000000082b00000, 0x0000000082b00000| Untracked 
|  16|0x0000000082c00000, 0x0000000082c00000, 0x0000000082d00000|  0%| F|  |TAMS 0x0000000082c00000, 0x0000000082c00000| Untracked 
|  17|0x0000000082d00000, 0x0000000082d00000, 0x0000000082e00000|  0%| F|  |TAMS 0x0000000082d00000, 0x0000000082d00000| Untracked 
|  18|0x0000000082e00000, 0x0000000082e00000, 0x0000000082f00000|  0%| F|  |TAMS 0x0000000082e00000, 0x0000000082e00000| Untracked 
|  19|0x0000000082f00000, 0x0000000082f00000, 0x0000000083000000|  0%| F|  |TAMS 0x0000000082f00000, 0x0000000082f00000| Untracked 
|  20|0x0000000083000000, 0x0000000083000000, 0x0000000083100000|  0%| F|  |TAMS 0x0000000083000000, 0x0000000083000000| Untracked 
|  21|0x0000000083100000, 0x0000000083100000, 0x0000000083200000|  0%| F|  |TAMS 0x0000000083100000, 0x0000000083100000| Untracked 
|  22|0x0000000083200000, 0x0000000083200000, 0x0000000083300000|  0%| F|  |TAMS 0x0000000083200000, 0x0000000083200000| Untracked 
|  23|0x0000000083300000, 0x0000000083300000, 0x0000000083400000|  0%| F|  |TAMS 0x0000000083300000, 0x0000000083300000| Untracked 
|  24|0x0000000083400000, 0x0000000083400000, 0x0000000083500000|  0%| F|  |TAMS 0x0000000083400000, 0x0000000083400000| Untracked 
|  25|0x0000000083500000, 0x0000000083500000, 0x0000000083600000|  0%| F|  |TAMS 0x0000000083500000, 0x0000000083500000| Untracked 
|  26|0x0000000083600000, 0x0000000083600000, 0x0000000083700000|  0%| F|  |TAMS 0x0000000083600000, 0x0000000083600000| Untracked 
|  27|0x0000000083700000, 0x0000000083700000, 0x0000000083800000|  0%| F|  |TAMS 0x0000000083700000, 0x0000000083700000| Untracked 
|  28|0x0000000083800000, 0x0000000083800000, 0x0000000083900000|  0%| F|  |TAMS 0x0000000083800000, 0x0000000083800000| Untracked 
|  29|0x0000000083900000, 0x0000000083900000, 0x0000000083a00000|  0%| F|  |TAMS 0x0000000083900000, 0x0000000083900000| Untracked 
|  30|0x0000000083a00000, 0x0000000083a00000, 0x0000000083b00000|  0%| F|  |TAMS 0x0000000083a00000, 0x0000000083a00000| Untracked 
|  31|0x0000000083b00000, 0x0000000083b00000, 0x0000000083c00000|  0%| F|  |TAMS 0x0000000083b00000, 0x0000000083b00000| Untracked 
|  32|0x0000000083c00000, 0x0000000083c00000, 0x0000000083d00000|  0%| F|  |TAMS 0x0000000083c00000, 0x0000000083c00000| Untracked 
|  33|0x0000000083d00000, 0x0000000083d00000, 0x0000000083e00000|  0%| F|  |TAMS 0x0000000083d00000, 0x0000000083d00000| Untracked 
|  34|0x0000000083e00000, 0x0000000083e00000, 0x0000000083f00000|  0%| F|  |TAMS 0x0000000083e00000, 0x0000000083e00000| Untracked 
|  35|0x0000000083f00000, 0x0000000083f00000, 0x0000000084000000|  0%| F|  |TAMS 0x0000000083f00000, 0x0000000083f00000| Untracked 
|  36|0x0000000084000000, 0x0000000084000000, 0x0000000084100000|  0%| F|  |TAMS 0x0000000084000000, 0x0000000084000000| Untracked 
|  37|0x0000000084100000, 0x0000000084100000, 0x0000000084200000|  0%| F|  |TAMS 0x0000000084100000, 0x0000000084100000| Untracked 
|  38|0x0000000084200000, 0x0000000084200000, 0x0000000084300000|  0%| F|  |TAMS 0x0000000084200000, 0x0000000084200000| Untracked 
|  39|0x0000000084300000, 0x0000000084300000, 0x0000000084400000|  0%| F|  |TAMS 0x0000000084300000, 0x0000000084300000| Untracked 
|  40|0x0000000084400000, 0x0000000084400000, 0x0000000084500000|  0%| F|  |TAMS 0x0000000084400000, 0x0000000084400000| Untracked 
|  41|0x0000000084500000, 0x0000000084500000, 0x0000000084600000|  0%| F|  |TAMS 0x0000000084500000, 0x0000000084500000| Untracked 
|  42|0x0000000084600000, 0x0000000084600000, 0x0000000084700000|  0%| F|  |TAMS 0x0000000084600000, 0x0000000084600000| Untracked 
|  43|0x0000000084700000, 0x000000008475e5e8, 0x0000000084800000| 36%| S|CS|TAMS 0x0000000084700000, 0x0000000084700000| Complete 
|  44|0x0000000084800000, 0x0000000084900000, 0x0000000084900000|100%| S|CS|TAMS 0x0000000084800000, 0x0000000084800000| Complete 
|  45|0x0000000084900000, 0x0000000084900000, 0x0000000084a00000|  0%| F|  |TAMS 0x0000000084900000, 0x0000000084900000| Untracked 
|  46|0x0000000084a00000, 0x0000000084a00000, 0x0000000084b00000|  0%| F|  |TAMS 0x0000000084a00000, 0x0000000084a00000| Untracked 
|  47|0x0000000084b00000, 0x0000000084b00000, 0x0000000084c00000|  0%| F|  |TAMS 0x0000000084b00000, 0x0000000084b00000| Untracked 
|  48|0x0000000084c00000, 0x0000000084c00000, 0x0000000084d00000|  0%| F|  |TAMS 0x0000000084c00000, 0x0000000084c00000| Untracked 
|  49|0x0000000084d00000, 0x0000000084d00000, 0x0000000084e00000|  0%| F|  |TAMS 0x0000000084d00000, 0x0000000084d00000| Untracked 
|  50|0x0000000084e00000, 0x0000000084e00000, 0x0000000084f00000|  0%| F|  |TAMS 0x0000000084e00000, 0x0000000084e00000| Untracked 
|  51|0x0000000084f00000, 0x0000000084f00000, 0x0000000085000000|  0%| F|  |TAMS 0x0000000084f00000, 0x0000000084f00000| Untracked 
|  52|0x0000000085000000, 0x0000000085100000, 0x0000000085100000|100%| S|CS|TAMS 0x0000000085000000, 0x0000000085000000| Complete 
|  53|0x0000000085100000, 0x0000000085200000, 0x0000000085200000|100%| S|CS|TAMS 0x0000000085100000, 0x0000000085100000| Complete 
|  54|0x0000000085200000, 0x0000000085300000, 0x0000000085300000|100%| S|CS|TAMS 0x0000000085200000, 0x0000000085200000| Complete 
|  55|0x0000000085300000, 0x0000000085400000, 0x0000000085400000|100%| S|CS|TAMS 0x0000000085300000, 0x0000000085300000| Complete 
|  56|0x0000000085400000, 0x0000000085500000, 0x0000000085500000|100%| S|CS|TAMS 0x0000000085400000, 0x0000000085400000| Complete 
|  57|0x0000000085500000, 0x0000000085600000, 0x0000000085600000|100%| S|CS|TAMS 0x0000000085500000, 0x0000000085500000| Complete 
|  58|0x0000000085600000, 0x0000000085700000, 0x0000000085700000|100%| S|CS|TAMS 0x0000000085600000, 0x0000000085600000| Complete 
|  59|0x0000000085700000, 0x0000000085700000, 0x0000000085800000|  0%| F|  |TAMS 0x0000000085700000, 0x0000000085700000| Untracked 
|  60|0x0000000085800000, 0x0000000085800000, 0x0000000085900000|  0%| F|  |TAMS 0x0000000085800000, 0x0000000085800000| Untracked 
|  61|0x0000000085900000, 0x0000000085900000, 0x0000000085a00000|  0%| F|  |TAMS 0x0000000085900000, 0x0000000085900000| Untracked 
|  62|0x0000000085a00000, 0x0000000085a00000, 0x0000000085b00000|  0%| F|  |TAMS 0x0000000085a00000, 0x0000000085a00000| Untracked 
|  63|0x0000000085b00000, 0x0000000085b00000, 0x0000000085c00000|  0%| F|  |TAMS 0x0000000085b00000, 0x0000000085b00000| Untracked 
|  64|0x0000000085c00000, 0x0000000085c00000, 0x0000000085d00000|  0%| F|  |TAMS 0x0000000085c00000, 0x0000000085c00000| Untracked 
|  65|0x0000000085d00000, 0x0000000085d00000, 0x0000000085e00000|  0%| F|  |TAMS 0x0000000085d00000, 0x0000000085d00000| Untracked 
|  66|0x0000000085e00000, 0x0000000085e00000, 0x0000000085f00000|  0%| F|  |TAMS 0x0000000085e00000, 0x0000000085e00000| Untracked 
|  67|0x0000000085f00000, 0x0000000085f00000, 0x0000000086000000|  0%| F|  |TAMS 0x0000000085f00000, 0x0000000085f00000| Untracked 
|  68|0x0000000086000000, 0x0000000086000000, 0x0000000086100000|  0%| F|  |TAMS 0x0000000086000000, 0x0000000086000000| Untracked 
|  69|0x0000000086100000, 0x0000000086100000, 0x0000000086200000|  0%| F|  |TAMS 0x0000000086100000, 0x0000000086100000| Untracked 
|  70|0x0000000086200000, 0x0000000086200000, 0x0000000086300000|  0%| F|  |TAMS 0x0000000086200000, 0x0000000086200000| Untracked 
|  71|0x0000000086300000, 0x0000000086300000, 0x0000000086400000|  0%| F|  |TAMS 0x0000000086300000, 0x0000000086300000| Untracked 
|  72|0x0000000086400000, 0x0000000086400000, 0x0000000086500000|  0%| F|  |TAMS 0x0000000086400000, 0x0000000086400000| Untracked 
|  73|0x0000000086500000, 0x0000000086500000, 0x0000000086600000|  0%| F|  |TAMS 0x0000000086500000, 0x0000000086500000| Untracked 
|  74|0x0000000086600000, 0x0000000086600000, 0x0000000086700000|  0%| F|  |TAMS 0x0000000086600000, 0x0000000086600000| Untracked 
|  75|0x0000000086700000, 0x0000000086700000, 0x0000000086800000|  0%| F|  |TAMS 0x0000000086700000, 0x0000000086700000| Untracked 
|  76|0x0000000086800000, 0x0000000086800000, 0x0000000086900000|  0%| F|  |TAMS 0x0000000086800000, 0x0000000086800000| Untracked 
|  77|0x0000000086900000, 0x0000000086900000, 0x0000000086a00000|  0%| F|  |TAMS 0x0000000086900000, 0x0000000086900000| Untracked 
|  78|0x0000000086a00000, 0x0000000086a00000, 0x0000000086b00000|  0%| F|  |TAMS 0x0000000086a00000, 0x0000000086a00000| Untracked 
|  79|0x0000000086b00000, 0x0000000086b00000, 0x0000000086c00000|  0%| F|  |TAMS 0x0000000086b00000, 0x0000000086b00000| Untracked 
|  80|0x0000000086c00000, 0x0000000086c00000, 0x0000000086d00000|  0%| F|  |TAMS 0x0000000086c00000, 0x0000000086c00000| Untracked 
|  81|0x0000000086d00000, 0x0000000086d00000, 0x0000000086e00000|  0%| F|  |TAMS 0x0000000086d00000, 0x0000000086d00000| Untracked 
|  82|0x0000000086e00000, 0x0000000086e00000, 0x0000000086f00000|  0%| F|  |TAMS 0x0000000086e00000, 0x0000000086e00000| Untracked 
|  83|0x0000000086f00000, 0x0000000086f00000, 0x0000000087000000|  0%| F|  |TAMS 0x0000000086f00000, 0x0000000086f00000| Untracked 
|  84|0x0000000087000000, 0x0000000087000000, 0x0000000087100000|  0%| F|  |TAMS 0x0000000087000000, 0x0000000087000000| Untracked 
|  85|0x0000000087100000, 0x0000000087100000, 0x0000000087200000|  0%| F|  |TAMS 0x0000000087100000, 0x0000000087100000| Untracked 
|  86|0x0000000087200000, 0x0000000087200000, 0x0000000087300000|  0%| F|  |TAMS 0x0000000087200000, 0x0000000087200000| Untracked 
|  87|0x0000000087300000, 0x0000000087300000, 0x0000000087400000|  0%| F|  |TAMS 0x0000000087300000, 0x0000000087300000| Untracked 
|  88|0x0000000087400000, 0x0000000087400000, 0x0000000087500000|  0%| F|  |TAMS 0x0000000087400000, 0x0000000087400000| Untracked 
|  89|0x0000000087500000, 0x0000000087500000, 0x0000000087600000|  0%| F|  |TAMS 0x0000000087500000, 0x0000000087500000| Untracked 
|  90|0x0000000087600000, 0x0000000087600000, 0x0000000087700000|  0%| F|  |TAMS 0x0000000087600000, 0x0000000087600000| Untracked 
|  91|0x0000000087700000, 0x0000000087700000, 0x0000000087800000|  0%| F|  |TAMS 0x0000000087700000, 0x0000000087700000| Untracked 
|  92|0x0000000087800000, 0x0000000087800000, 0x0000000087900000|  0%| F|  |TAMS 0x0000000087800000, 0x0000000087800000| Untracked 
|  93|0x0000000087900000, 0x0000000087900000, 0x0000000087a00000|  0%| F|  |TAMS 0x0000000087900000, 0x0000000087900000| Untracked 
|  94|0x0000000087a00000, 0x0000000087a00000, 0x0000000087b00000|  0%| F|  |TAMS 0x0000000087a00000, 0x0000000087a00000| Untracked 
|  95|0x0000000087b00000, 0x0000000087b00000, 0x0000000087c00000|  0%| F|  |TAMS 0x0000000087b00000, 0x0000000087b00000| Untracked 
|  96|0x0000000087c00000, 0x0000000087c00000, 0x0000000087d00000|  0%| F|  |TAMS 0x0000000087c00000, 0x0000000087c00000| Untracked 
|  97|0x0000000087d00000, 0x0000000087d00000, 0x0000000087e00000|  0%| F|  |TAMS 0x0000000087d00000, 0x0000000087d00000| Untracked 
|  98|0x0000000087e00000, 0x0000000087e00000, 0x0000000087f00000|  0%| F|  |TAMS 0x0000000087e00000, 0x0000000087e00000| Untracked 
|  99|0x0000000087f00000, 0x0000000087f00000, 0x0000000088000000|  0%| F|  |TAMS 0x0000000087f00000, 0x0000000087f00000| Untracked 
| 100|0x0000000088000000, 0x0000000088000000, 0x0000000088100000|  0%| F|  |TAMS 0x0000000088000000, 0x0000000088000000| Untracked 
| 101|0x0000000088100000, 0x0000000088100000, 0x0000000088200000|  0%| F|  |TAMS 0x0000000088100000, 0x0000000088100000| Untracked 
| 102|0x0000000088200000, 0x0000000088200000, 0x0000000088300000|  0%| F|  |TAMS 0x0000000088200000, 0x0000000088200000| Untracked 
| 103|0x0000000088300000, 0x0000000088300000, 0x0000000088400000|  0%| F|  |TAMS 0x0000000088300000, 0x0000000088300000| Untracked 
| 104|0x0000000088400000, 0x0000000088400000, 0x0000000088500000|  0%| F|  |TAMS 0x0000000088400000, 0x0000000088400000| Untracked 
| 105|0x0000000088500000, 0x0000000088500000, 0x0000000088600000|  0%| F|  |TAMS 0x0000000088500000, 0x0000000088500000| Untracked 
| 106|0x0000000088600000, 0x0000000088600000, 0x0000000088700000|  0%| F|  |TAMS 0x0000000088600000, 0x0000000088600000| Untracked 
| 107|0x0000000088700000, 0x0000000088700000, 0x0000000088800000|  0%| F|  |TAMS 0x0000000088700000, 0x0000000088700000| Untracked 
| 108|0x0000000088800000, 0x0000000088800000, 0x0000000088900000|  0%| F|  |TAMS 0x0000000088800000, 0x0000000088800000| Untracked 
| 109|0x0000000088900000, 0x0000000088900000, 0x0000000088a00000|  0%| F|  |TAMS 0x0000000088900000, 0x0000000088900000| Untracked 
| 110|0x0000000088a00000, 0x0000000088a00000, 0x0000000088b00000|  0%| F|  |TAMS 0x0000000088a00000, 0x0000000088a00000| Untracked 
| 111|0x0000000088b00000, 0x0000000088b00000, 0x0000000088c00000|  0%| F|  |TAMS 0x0000000088b00000, 0x0000000088b00000| Untracked 
| 112|0x0000000088c00000, 0x0000000088c00000, 0x0000000088d00000|  0%| F|  |TAMS 0x0000000088c00000, 0x0000000088c00000| Untracked 
| 113|0x0000000088d00000, 0x0000000088d00000, 0x0000000088e00000|  0%| F|  |TAMS 0x0000000088d00000, 0x0000000088d00000| Untracked 
| 114|0x0000000088e00000, 0x0000000088e00000, 0x0000000088f00000|  0%| F|  |TAMS 0x0000000088e00000, 0x0000000088e00000| Untracked 
| 115|0x0000000088f00000, 0x0000000088f00000, 0x0000000089000000|  0%| F|  |TAMS 0x0000000088f00000, 0x0000000088f00000| Untracked 
| 116|0x0000000089000000, 0x0000000089000000, 0x0000000089100000|  0%| F|  |TAMS 0x0000000089000000, 0x0000000089000000| Untracked 
| 117|0x0000000089100000, 0x0000000089100000, 0x0000000089200000|  0%| F|  |TAMS 0x0000000089100000, 0x0000000089100000| Untracked 
| 118|0x0000000089200000, 0x0000000089200000, 0x0000000089300000|  0%| F|  |TAMS 0x0000000089200000, 0x0000000089200000| Untracked 
| 119|0x0000000089300000, 0x0000000089300000, 0x0000000089400000|  0%| F|  |TAMS 0x0000000089300000, 0x0000000089300000| Untracked 
| 120|0x0000000089400000, 0x0000000089400000, 0x0000000089500000|  0%| F|  |TAMS 0x0000000089400000, 0x0000000089400000| Untracked 
| 121|0x0000000089500000, 0x0000000089500000, 0x0000000089600000|  0%| F|  |TAMS 0x0000000089500000, 0x0000000089500000| Untracked 
| 122|0x0000000089600000, 0x0000000089600000, 0x0000000089700000|  0%| F|  |TAMS 0x0000000089600000, 0x0000000089600000| Untracked 
| 123|0x0000000089700000, 0x0000000089700000, 0x0000000089800000|  0%| F|  |TAMS 0x0000000089700000, 0x0000000089700000| Untracked 
| 124|0x0000000089800000, 0x0000000089800000, 0x0000000089900000|  0%| F|  |TAMS 0x0000000089800000, 0x0000000089800000| Untracked 
| 125|0x0000000089900000, 0x0000000089900000, 0x0000000089a00000|  0%| F|  |TAMS 0x0000000089900000, 0x0000000089900000| Untracked 
| 126|0x0000000089a00000, 0x0000000089a00000, 0x0000000089b00000|  0%| F|  |TAMS 0x0000000089a00000, 0x0000000089a00000| Untracked 
| 127|0x0000000089b00000, 0x0000000089b00000, 0x0000000089c00000|  0%| F|  |TAMS 0x0000000089b00000, 0x0000000089b00000| Untracked 

Card table byte_map: [0x0000009053b20000,0x0000009053f20000] _byte_map_base: 0x0000009053712000

Marking Bits (Prev, Next): (CMBitMap*) 0x000000903c2e1df0, (CMBitMap*) 0x000000903c2e1db8
 Prev Bits: [0x00000090562b0000, 0x0000009058240000)
 Next Bits: [0x0000009054320000, 0x00000090562b0000)

Polling page: 0x000000903a050000

Metaspace:

Usage:
  Non-class:     28.61 MB capacity,    28.05 MB ( 98%) used,   461.55 KB (  2%) free+waste,   115.69 KB ( <1%) overhead. 
      Class:      4.47 MB capacity,     4.06 MB ( 91%) used,   358.33 KB (  8%) free+waste,    57.88 KB (  1%) overhead. 
       Both:     33.08 MB capacity,    32.11 MB ( 97%) used,   819.88 KB (  2%) free+waste,   173.56 KB ( <1%) overhead. 

Virtual space:
  Non-class space:       30.00 MB reserved,      28.75 MB ( 96%) committed 
      Class space:        1.00 GB reserved,       4.50 MB ( <1%) committed 
             Both:        1.03 GB reserved,      33.25 MB (  3%) committed 

Chunk freelists:
   Non-Class:  1.38 KB
       Class:  0 bytes
        Both:  1.38 KB

CodeHeap 'non-profiled nmethods': size=238912Kb used=5447Kb max_used=5447Kb free=233464Kb
 bounds [0x0000009044dd0000, 0x0000009045330000, 0x0000009053720000]
CodeHeap 'non-nmethods': size=6848Kb used=1121Kb max_used=1121Kb free=5726Kb
 bounds [0x0000009044720000, 0x0000009044990000, 0x0000009044dd0000]
 total_blobs=3957 nmethods=3510 adapters=373
 compilation: enabled
              stopped_count=0, restarted_count=0
 full_count=0

Compilation events (10 events):
Event: 26.985 Thread 0x000000905b4fe000 3506       1       java.util.Calendar::internalSet (8 bytes)
Event: 26.986 Thread 0x000000905b4fe000 nmethod 3506 0x0000009045320210 code [0x00000090453203a0, 0x0000009045320478]
Event: 27.008 Thread 0x000000905b4fe000 3507   !   1       java.util.logging.LogManager::ensureLogManagerInitialized (144 bytes)
Event: 27.009 Thread 0x000000905b4fe000 nmethod 3507 0x0000009045320510 code [0x0000009045320740, 0x0000009045320c38]
Event: 27.010 Thread 0x000000905b4fe000 3508       1       java.util.concurrent.ConcurrentHashMap::<init> (9 bytes)
Event: 27.010 Thread 0x000000905b4fe000 nmethod 3508 0x0000009045320f90 code [0x0000009045321160, 0x0000009045321248]
Event: 27.015 Thread 0x000000905b4fe000 3509       1       java.util.BitSet::expandTo (23 bytes)
Event: 27.015 Thread 0x000000905b4fe000 nmethod 3509 0x0000009045321310 code [0x00000090453214c0, 0x00000090453215c8]
Event: 27.015 Thread 0x000000905b4fe000 3510       1       java.util.BitSet::set (58 bytes)
Event: 27.016 Thread 0x000000905b4fe000 nmethod 3510 0x0000009045321690 code [0x00000090453218a0, 0x0000009045321cf8]

GC Heap History (10 events):
Event: 2.861 GC heap after
{Heap after GC invocations=2 (full 0):
 garbage-first heap   total 131072K, used 6611K [0x0000000081c00000, 0x0000000100000000)
  region size 1024K, 1 young (1024K), 1 survivors (1024K)
 Metaspace       used 9637K, capacity 9876K, committed 9984K, reserved 1058816K
  class space    used 934K, capacity 993K, committed 1024K, reserved 1048576K
}
Event: 4.765 GC heap before
{Heap before GC invocations=2 (full 0):
 garbage-first heap   total 131072K, used 27091K [0x0000000081c00000, 0x0000000100000000)
  region size 1024K, 21 young (21504K), 1 survivors (1024K)
 Metaspace       used 14710K, capacity 15191K, committed 15488K, reserved 1062912K
  class space    used 1646K, capacity 1803K, committed 1920K, reserved 1048576K
}
Event: 4.775 GC heap after
{Heap after GC invocations=3 (full 0):
 garbage-first heap   total 131072K, used 7932K [0x0000000081c00000, 0x0000000100000000)
  region size 1024K, 2 young (2048K), 2 survivors (2048K)
 Metaspace       used 14710K, capacity 15191K, committed 15488K, reserved 1062912K
  class space    used 1646K, capacity 1803K, committed 1920K, reserved 1048576K
}
Event: 6.988 GC heap before
{Heap before GC invocations=3 (full 0):
 garbage-first heap   total 131072K, used 42748K [0x0000000081c00000, 0x0000000100000000)
  region size 1024K, 37 young (37888K), 2 survivors (2048K)
 Metaspace       used 20604K, capacity 21150K, committed 21248K, reserved 1067008K
  class space    used 2507K, capacity 2718K, committed 2816K, reserved 1048576K
}
Event: 7.025 GC heap after
{Heap after GC invocations=4 (full 0):
 garbage-first heap   total 131072K, used 9577K [0x0000000081c00000, 0x0000000100000000)
  region size 1024K, 4 young (4096K), 4 survivors (4096K)
 Metaspace       used 20604K, capacity 21150K, committed 21248K, reserved 1067008K
  class space    used 2507K, capacity 2718K, committed 2816K, reserved 1048576K
}
Event: 8.463 GC heap before
{Heap before GC invocations=5 (full 0):
 garbage-first heap   total 131072K, used 54633K [0x0000000081c00000, 0x0000000100000000)
  region size 1024K, 49 young (50176K), 4 survivors (4096K)
 Metaspace       used 23259K, capacity 23909K, committed 24192K, reserved 1071104K
  class space    used 2846K, capacity 3075K, committed 3200K, reserved 1048576K
}
Event: 8.491 GC heap after
{Heap after GC invocations=6 (full 0):
 garbage-first heap   total 131072K, used 11637K [0x0000000081c00000, 0x0000000100000000)
  region size 1024K, 6 young (6144K), 6 survivors (6144K)
 Metaspace       used 23259K, capacity 23909K, committed 24192K, reserved 1071104K
  class space    used 2846K, capacity 3075K, committed 3200K, reserved 1048576K
}
Event: 11.951 GC heap before
{Heap before GC invocations=6 (full 0):
 garbage-first heap   total 131072K, used 82293K [0x0000000081c00000, 0x0000000100000000)
  region size 1024K, 76 young (77824K), 6 survivors (6144K)
 Metaspace       used 26710K, capacity 27503K, committed 27776K, reserved 1073152K
  class space    used 3341K, capacity 3652K, committed 3712K, reserved 1048576K
}
Event: 11.971 GC heap after
{Heap after GC invocations=7 (full 0):
 garbage-first heap   total 131072K, used 12822K [0x0000000081c00000, 0x0000000100000000)
  region size 1024K, 7 young (7168K), 7 survivors (7168K)
 Metaspace       used 26710K, capacity 27503K, committed 27776K, reserved 1073152K
  class space    used 3341K, capacity 3652K, committed 3712K, reserved 1048576K
}
Event: 27.155 GC heap before
{Heap before GC invocations=7 (full 0):
 garbage-first heap   total 131072K, used 82454K [0x0000000081c00000, 0x0000000100000000)
  region size 1024K, 76 young (77824K), 7 survivors (7168K)
 Metaspace       used 32883K, capacity 33877K, committed 34048K, reserved 1079296K
  class space    used 4159K, capacity 4576K, committed 4608K, reserved 1048576K
}

Deoptimization events (0 events):
No events

Classes redefined (0 events):
No events

Internal exceptions (10 events):
Event: 14.989 Thread 0x000000903c2a3000 Exception <a 'java/lang/ClassNotFoundException'{0x00000000888c3570}: org/springframework/transaction/annotation/AbstractTransactionManagementConfigurationCustomizer> (0x00000000888c3570) thrown at [./open/src/hotspot/share/classfile/systemDictionary.cpp, 
Event: 14.991 Thread 0x000000903c2a3000 Exception <a 'java/lang/ClassNotFoundException'{0x00000000888d7f78}: org/springframework/transaction/annotation/ProxyTransactionManagementConfigurationCustomizer> (0x00000000888d7f78) thrown at [./open/src/hotspot/share/classfile/systemDictionary.cpp, lin
Event: 14.993 Thread 0x000000903c2a3000 Exception <a 'java/lang/ClassNotFoundException'{0x00000000888ead28}: org/springframework/context/annotation/ImportAwareCustomizer> (0x00000000888ead28) thrown at [./open/src/hotspot/share/classfile/systemDictionary.cpp, line 228]
Event: 14.995 Thread 0x000000903c2a3000 Exception <a 'java/lang/ClassNotFoundException'{0x00000000888f9340}: org/springframework/beans/factory/AwareCustomizer> (0x00000000888f9340) thrown at [./open/src/hotspot/share/classfile/systemDictionary.cpp, line 228]
Event: 16.422 Thread 0x000000903c2a3000 Exception <a 'java/lang/NoSuchMethodError'{0x00000000885b3ed0}: java.lang.invoke.DirectMethodHandle$Holder.invokeSpecialIFC(Ljava/lang/Object;Ljava/lang/Object;Ljava/lang/Object;)Ljava/lang/Object;> (0x00000000885b3ed0) thrown at [./open/src/hotspot/share
Event: 22.179 Thread 0x000000903c2a3000 Exception <a 'java/lang/NoSuchMethodError'{0x00000000880386d8}: java.lang.invoke.DirectMethodHandle$Holder.invokeInterface(Ljava/lang/Object;Ljava/lang/Object;I)V> (0x00000000880386d8) thrown at [./open/src/hotspot/share/interpreter/linkResolver.cpp, line
Event: 22.194 Thread 0x000000903c2a3000 Exception <a 'java/lang/IncompatibleClassChangeError'{0x00000000880841e8}: Found class java.lang.Object, but interface was expected> (0x00000000880841e8) thrown at [./open/src/hotspot/share/interpreter/linkResolver.cpp, line 838]
Event: 22.196 Thread 0x000000903c2a3000 Exception <a 'java/lang/NoSuchMethodError'{0x0000000088089088}: java.lang.invoke.DirectMethodHandle$Holder.invokeStatic(Ljava/lang/Object;ILjava/lang/Object;)V> (0x0000000088089088) thrown at [./open/src/hotspot/share/interpreter/linkResolver.cpp, line 77
Event: 23.883 Thread 0x000000903c2a3000 Exception <a 'java/lang/NoSuchMethodError'{0x0000000087b4a800}: java.lang.invoke.DirectMethodHandle$Holder.invokeStaticInit(Ljava/lang/Object;IIII)Ljava/lang/Object;> (0x0000000087b4a800) thrown at [./open/src/hotspot/share/interpreter/linkResolver.cpp, l
Event: 24.450 Thread 0x000000903c2a3000 Exception <a 'java/lang/NoSuchMethodError'{0x0000000087a212f0}: java.lang.invoke.DirectMethodHandle$Holder.invokeStaticInit(Ljava/lang/Object;Ljava/lang/Object;IIII)Ljava/lang/Object;> (0x0000000087a212f0) thrown at [./open/src/hotspot/share/interpreter/l

Events (10 events):
Event: 27.082 loading class java/util/jar/JarVerifier done
Event: 27.082 loading class java/security/CodeSigner
Event: 27.082 loading class java/security/CodeSigner done
Event: 27.082 loading class sun/security/util/ManifestEntryVerifier
Event: 27.083 loading class sun/security/util/ManifestEntryVerifier done
Event: 27.083 loading class org/apache/catalina/util/ManifestResource
Event: 27.083 loading class org/apache/catalina/util/ManifestResource done
Event: 27.092 loading class org/apache/catalina/util/Extension
Event: 27.092 loading class org/apache/catalina/util/Extension done
Event: 27.155 Executing VM operation: G1CollectForAllocation


Dynamic libraries:
0x00007ff670a80000 - 0x00007ff670a8f000 	C:\Program Files\Java\jdk-11.0.12\bin\java.exe
0x00007ffaec1c0000 - 0x00007ffaec36d000 	C:\Windows\SYSTEM32\ntdll.dll
0x00007ffaea2b0000 - 0x00007ffaea3ef000 	C:\Windows\system32\KERNEL32.DLL
0x00007ffad5c90000 - 0x00007ffad5ca5000 	C:\Program Files\AVAST Software\Avast\aswhook.dll
0x00007ffae96a0000 - 0x00007ffae97b5000 	C:\Windows\system32\KERNELBASE.dll
0x00007ffade160000 - 0x00007ffade178000 	C:\Program Files\Java\jdk-11.0.12\bin\jli.dll
0x00007ffade140000 - 0x00007ffade155000 	C:\Program Files\Java\jdk-11.0.12\bin\VCRUNTIME140.dll
0x00007ffadecd0000 - 0x00007ffadecd4000 	C:\Program Files\Java\jdk-11.0.12\bin\api-ms-win-crt-stdio-l1-1-0.dll
0x00007ffade130000 - 0x00007ffade134000 	C:\Program Files\Java\jdk-11.0.12\bin\api-ms-win-crt-runtime-l1-1-0.dll
0x00007ffade120000 - 0x00007ffade123000 	C:\Program Files\Java\jdk-11.0.12\bin\api-ms-win-crt-environment-l1-1-0.dll
0x00007ffade110000 - 0x00007ffade115000 	C:\Program Files\Java\jdk-11.0.12\bin\api-ms-win-crt-math-l1-1-0.dll
0x00007ffad8ec0000 - 0x00007ffad8ec3000 	C:\Program Files\Java\jdk-11.0.12\bin\api-ms-win-crt-locale-l1-1-0.dll
0x00007ffad8e80000 - 0x00007ffad8e83000 	C:\Program Files\Java\jdk-11.0.12\bin\api-ms-win-crt-heap-l1-1-0.dll
0x00007ffaea620000 - 0x00007ffaea6ca000 	C:\Windows\system32\ADVAPI32.dll
0x00007ffae6b30000 - 0x00007ffae6dab000 	C:\Windows\WinSxS\amd64_microsoft.windows.common-controls_6595b64144ccf1df_6.0.9600.19394_none_62486577ecb635cf\COMCTL32.dll
0x00007ffaea070000 - 0x00007ffaea1e7000 	C:\Windows\system32\USER32.dll
0x00007ffae6e10000 - 0x00007ffae6e1a000 	C:\Windows\SYSTEM32\VERSION.dll
0x00007ffad8af0000 - 0x00007ffad8af3000 	C:\Program Files\Java\jdk-11.0.12\bin\api-ms-win-crt-filesystem-l1-1-0.dll
0x00007ffad8ad0000 - 0x00007ffad8ad4000 	C:\Program Files\Java\jdk-11.0.12\bin\api-ms-win-crt-string-l1-1-0.dll
0x00007ffad6e20000 - 0x00007ffad6e24000 	C:\Program Files\Java\jdk-11.0.12\bin\api-ms-win-crt-convert-l1-1-0.dll
0x00007ffaea1f0000 - 0x00007ffaea29a000 	C:\Windows\system32\msvcrt.dll
0x00007ffaea6d0000 - 0x00007ffaea728000 	C:\Windows\SYSTEM32\sechost.dll
0x00007ffae9f20000 - 0x00007ffaea060000 	C:\Windows\system32\RPCRT4.dll
0x00007ffaebe80000 - 0x00007ffaebfcd000 	C:\Windows\system32\GDI32.dll
0x00007ffaaa830000 - 0x00007ffaaa92a000 	C:\Program Files\Java\jdk-11.0.12\bin\ucrtbase.DLL
0x00007ffae97c0000 - 0x00007ffae97ee000 	C:\Windows\system32\SspiCli.dll
0x00007ffaebe40000 - 0x00007ffaebe76000 	C:\Windows\system32\IMM32.DLL
0x00007ffaea3f0000 - 0x00007ffaea541000 	C:\Windows\system32\MSCTF.dll
0x00007ffaaaef0000 - 0x00007ffaaaf8b000 	C:\Program Files\Java\jdk-11.0.12\bin\msvcp140.dll
0x00007ffad6b70000 - 0x00007ffad6b73000 	C:\Program Files\Java\jdk-11.0.12\bin\api-ms-win-crt-time-l1-1-0.dll
0x00007ffad6570000 - 0x00007ffad6573000 	C:\Program Files\Java\jdk-11.0.12\bin\api-ms-win-crt-utility-l1-1-0.dll
0x00007ffaa96a0000 - 0x00007ffaaa19f000 	C:\Program Files\Java\jdk-11.0.12\bin\server\jvm.dll
0x00007ffae3310000 - 0x00007ffae3319000 	C:\Windows\SYSTEM32\WSOCK32.dll
0x00007ffad9470000 - 0x00007ffad9492000 	C:\Windows\SYSTEM32\WINMM.dll
0x00007ffaea060000 - 0x00007ffaea067000 	C:\Windows\system32\PSAPI.DLL
0x00007ffae9840000 - 0x00007ffae989a000 	C:\Windows\system32\WS2_32.dll
0x00007ffad8e90000 - 0x00007ffad8eba000 	C:\Windows\SYSTEM32\WINMMBASE.dll
0x00007ffaea2a0000 - 0x00007ffaea2a9000 	C:\Windows\system32\NSI.dll
0x00007ffae97f0000 - 0x00007ffae983f000 	C:\Windows\SYSTEM32\cfgmgr32.dll
0x00007ffae8120000 - 0x00007ffae8148000 	C:\Windows\SYSTEM32\DEVOBJ.dll
0x00007ffacda40000 - 0x00007ffacda50000 	C:\Program Files\Java\jdk-11.0.12\bin\verify.dll
0x00007ffae66d0000 - 0x00007ffae6859000 	C:\Windows\SYSTEM32\DBGHELP.DLL
0x00007ffac0eb0000 - 0x00007ffac0ed8000 	C:\Program Files\Java\jdk-11.0.12\bin\java.dll
0x00007ffacd9b0000 - 0x00007ffacd9ba000 	C:\Program Files\Java\jdk-11.0.12\bin\jimage.dll
0x00007ffaccae0000 - 0x00007ffaccaf6000 	C:\Program Files\Java\jdk-11.0.12\bin\zip.dll
0x00007ffaea7f0000 - 0x00007ffaebd1e000 	C:\Windows\system32\SHELL32.dll
0x00007ffae9d00000 - 0x00007ffae9f11000 	C:\Windows\SYSTEM32\combase.dll
0x00007ffaebd20000 - 0x00007ffaebd74000 	C:\Windows\system32\SHLWAPI.dll
0x00007ffae7660000 - 0x00007ffae7712000 	C:\Windows\SYSTEM32\SHCORE.dll
0x00007ffae92e0000 - 0x00007ffae92f5000 	C:\Windows\SYSTEM32\profapi.dll
0x00007ffacbfb0000 - 0x00007ffacbfc9000 	C:\Program Files\Java\jdk-11.0.12\bin\net.dll
0x00007ffadf760000 - 0x00007ffadf829000 	C:\Windows\SYSTEM32\WINHTTP.dll
0x00007ffae8b20000 - 0x00007ffae8b79000 	C:\Windows\system32\mswsock.dll
0x00007ffacb7c0000 - 0x00007ffacb7d2000 	C:\Program Files\Java\jdk-11.0.12\bin\nio.dll
0x00007ffacb140000 - 0x00007ffacb149000 	C:\Program Files\Java\jdk-11.0.12\bin\management.dll
0x00007ffacab30000 - 0x00007ffacab3b000 	C:\Program Files\Java\jdk-11.0.12\bin\management_ext.dll
0x00007ffaddd10000 - 0x00007ffaddd25000 	C:\Windows\system32\napinsp.dll
0x00007ffadceb0000 - 0x00007ffadceca000 	C:\Windows\system32\pnrpnsp.dll
0x00007ffae48d0000 - 0x00007ffae48eb000 	C:\Windows\system32\NLAapi.dll
0x00007ffae8920000 - 0x00007ffae89c4000 	C:\Windows\SYSTEM32\DNSAPI.dll
0x00007ffadcea0000 - 0x00007ffadcead000 	C:\Windows\System32\winrnr.dll
0x00007ffadce20000 - 0x00007ffadce34000 	C:\Windows\system32\wshbth.dll
0x000000006e230000 - 0x000000006e265000 	C:\Program Files\Bonjour\mdnsNSP.dll
0x00007ffae3d00000 - 0x00007ffae3d2a000 	C:\Windows\SYSTEM32\Iphlpapi.DLL
0x00007ffae3b50000 - 0x00007ffae3b5a000 	C:\Windows\SYSTEM32\WINNSI.DLL
0x00007ffadcaa0000 - 0x00007ffadcaaa000 	C:\Windows\System32\rasadhlp.dll
0x00007ffae39b0000 - 0x00007ffae3a1b000 	C:\Windows\System32\fwpuclnt.dll
0x00007ffae8b80000 - 0x00007ffae8ba0000 	C:\Windows\SYSTEM32\CRYPTSP.dll
0x00007ffae87a0000 - 0x00007ffae87d6000 	C:\Windows\system32\rsaenh.dll
0x00007ffae8dc0000 - 0x00007ffae8de6000 	C:\Windows\SYSTEM32\bcrypt.dll
0x00007ffae88b0000 - 0x00007ffae88d1000 	C:\Windows\SYSTEM32\USERENV.dll
0x00007ffae90e0000 - 0x00007ffae9143000 	C:\Windows\system32\bcryptprimitives.dll
0x00007ffae9150000 - 0x00007ffae915b000 	C:\Windows\SYSTEM32\CRYPTBASE.dll
0x00007ffae3420000 - 0x00007ffae3436000 	C:\Windows\SYSTEM32\dhcpcsvc6.DLL
0x00007ffae3f20000 - 0x00007ffae3f3a000 	C:\Windows\SYSTEM32\dhcpcsvc.DLL

dbghelp: loaded successfully - version: 4.0.5 - missing functions: none
symbol engine: initialized successfully - sym options: 0x614 - pdb path: .;C:\Program Files\Java\jdk-11.0.12\bin;C:\Windows\SYSTEM32;C:\Program Files\AVAST Software\Avast;C:\Windows\WinSxS\amd64_microsoft.windows.common-controls_6595b64144ccf1df_6.0.9600.19394_none_62486577ecb635cf;C:\Program Files\Java\jdk-11.0.12\bin\server;C:\Program Files\Bonjour

VM Arguments:
jvm_args: -Xverify:none -XX:TieredStopAtLevel=1 -Dfile.encoding=windows-1250 -Duser.country=PL -Duser.language=pl -Duser.variant 
java_command: com.crud.tasks.TaskApplication
java_class_path (initial): C:\Development\task\build\classes\java\main;C:\Development\task\build\resources\main;C:\Users\tesco\.gradle\caches\modules-2\files-2.1\org.projectlombok\lombok\1.18.18\481f5bfed3ae29f656eedfe9e98c8365b8ba5c57\lombok-1.18.18.jar;C:\Users\tesco\.gradle\caches\modules-2\files-2.1\mysql\mysql-connector-java\8.0.23\14d64ac509adccaff444513c12646d93e4ed8be8\mysql-connector-java-8.0.23.jar;C:\Users\tesco\.gradle\caches\modules-2\files-2.1\io.springfox\springfox-swagger2\2.9.2\362676bc7f4c6f9f1d568741becab0dfc198c898\springfox-swagger2-2.9.2.jar;C:\Users\tesco\.gradle\caches\modules-2\files-2.1\io.springfox\springfox-swagger-ui\2.9.2\d542382a88ff3ea8d4032c28b2b0325797fada7d\springfox-swagger-ui-2.9.2.jar;C:\Users\tesco\.gradle\caches\modules-2\files-2.1\org.springframework\spring-webmvc\5.3.6\a9bff0c28f90c73b0443de1d9299f32778ac8421\spring-webmvc-5.3.6.jar;C:\Users\tesco\.gradle\caches\modules-2\files-2.1\org.springframework\spring-web\5.3.6\f9290db7324194921c236ad9a940467f55304fa7\spring-web-5.3.6.jar;C:\Users\tesco\.gradle\caches\modules-2\files-2.1\jakarta.transaction\jakarta.transaction-api\1.3.3\c4179d48720a1e87202115fbed6089bdc4195405\jakarta.transaction-api-1.3.3.jar;C:\Users\tesco\.gradle\caches\modules-2\files-2.1\jakarta.persistence\jakarta.persistence-api\2.2.3\8f6ea5daedc614f07a3654a455660145286f024e\jakarta.persistence-api-2.2.3.jar;C:\Users\tesco\.gradle\caches\modules-2\files-2.1\org.hibernate\hibernate-core\5.4.30.Final\cc01edcad99375a595ab1b22933857d552684e11\hibernate-core-5.4.30.Final.jar;C:\Users\tesco\.gradle\caches\modules-2\files-2.1\org.springframework.data\spring-data-jpa\2.4.8\3b828cf72c68f3affc75809229fc729ab530c6af\spring-data-jpa-2.4.8.jar;C:\Users\tesco\.gradle\caches\modules-2\files-2.1\org.springframework\spring-aspects\5.3.6\69b5017aa748f6832798079ece6a018cb25e7f15\spring-aspects-5.3.6.jar;C:\Users\tesco\.gradle\caches\modules-2\files-2.1\org.glassfish\jakarta.el\3.0.3\dab46ee1ee23f7197c13d7c40fce14817c9017df\jaka
Launcher Type: SUN_STANDARD

[Global flags]
     bool BytecodeVerificationLocal                = false                                     {product} {command line}
     bool BytecodeVerificationRemote               = false                                     {product} {command line}
     intx CICompilerCount                          = 3                                         {product} {ergonomic}
     uint ConcGCThreads                            = 1                                         {product} {ergonomic}
     uint G1ConcRefinementThreads                  = 4                                         {product} {ergonomic}
   size_t G1HeapRegionSize                         = 1048576                                   {product} {ergonomic}
    uintx GCDrainStackTargetSize                   = 64                                        {product} {ergonomic}
   size_t InitialHeapSize                          = 134217728                                 {product} {ergonomic}
   size_t MarkStackSize                            = 4194304                                   {product} {ergonomic}
   size_t MaxHeapSize                              = 2118123520                                {product} {ergonomic}
   size_t MaxNewSize                               = 1270874112                                {product} {ergonomic}
   size_t MinHeapDeltaBytes                        = 1048576                                   {product} {ergonomic}
    uintx NonNMethodCodeHeapSize                   = 6973028                                {pd product} {ergonomic}
    uintx NonProfiledCodeHeapSize                  = 244685212                              {pd product} {ergonomic}
    uintx ProfiledCodeHeapSize                     = 0                                      {pd product} {ergonomic}
    uintx ReservedCodeCacheSize                    = 251658240                              {pd product} {ergonomic}
     bool SegmentedCodeCache                       = true                                      {product} {ergonomic}
     intx TieredStopAtLevel                        = 1                                         {product} {command line}
     bool UseCompressedClassPointers               = true                                 {lp64_product} {ergonomic}
     bool UseCompressedOops                        = true                                 {lp64_product} {ergonomic}
     bool UseG1GC                                  = true                                      {product} {ergonomic}
     bool UseLargePagesIndividualAllocation        = false                                  {pd product} {ergonomic}

Logging:
Log output configuration:
 #0: stdout all=warning uptime,level,tags
 #1: stderr all=off uptime,level,tags

Environment Variables:
JAVA_HOME=C:\Program Files\Java\jdk-11.0.12
CLASSPATH=C:\Development\task\\gradle\wrapper\gradle-wrapper.jar
PATH=C:\Program Files\Common Files\Oracle\Java\javapath;C:\gradle-7.0\bin;C:\Program Files\Git\cmd;C:\Program Files\Git\mingw64\bin;C:\Program Files\Git\usr\bin;C:\Program Files\Java\jdk-11.0.12\bin;C:\Program Files\heroku\bin;C:\Users\tesco\AppData\Local\Programs\Microsoft VS Code\bin
USERNAME=tesco
OS=Windows_NT
PROCESSOR_IDENTIFIER=Intel64 Family 6 Model 55 Stepping 3, GenuineIntel



---------------  S Y S T E M  ---------------

OS: Windows 8.1 , 64 bit Build 9600 (6.3.9600.19843)

CPU:total 4 (initial active 4) (4 cores per cpu, 1 threads per core) family 6 model 55 stepping 3 microcode 0x31a, cmov, cx8, fxsr, mmx, sse, sse2, sse3, ssse3, sse4.1, sse4.2, popcnt, clmul, erms, 3dnowpref, tsc, tscinvbit

Memory: 4k page, system-wide physical 8075M (1023M free)
TotalPageFile size 9099M (AvailPageFile size 156M)
current process WorkingSet (physical memory assigned to process): 170M, peak: 170M
current process commit charge ("private bytes"): 243M, peak: 268M

vm_info: Java HotSpot(TM) 64-Bit Server VM (11.0.12+8-LTS-237) for windows-amd64 JRE (11.0.12+8-LTS-237), built on Jun  8 2021 11:25:59 by "mach5one" with MS VC++ 15.9 (VS2017)

END.
