#
# There is insufficient memory for the Java Runtime Environment to continue.
# Native memory allocation (mmap) failed to map 134217728 bytes for Failed to commit area from 0x0000000081c00000 to 0x0000000089c00000 of length 134217728.
# Possible reasons:
#   The system is out of physical RAM or swap space
#   The process is running with CompressedOops enabled, and the Java Heap may be blocking the growth of the native heap
# Possible solutions:
#   Reduce memory load on the system
#   Increase physical memory or swap space
#   Check if swap backing store is full
#   Decrease Java heap size (-Xmx/-Xms)
#   Decrease number of Java threads
#   Decrease Java thread stack sizes (-Xss)
#   Set larger code cache with -XX:ReservedCodeCacheSize=
# This output file may be truncated or incomplete.
#
#  Out of Memory Error (./open/src/hotspot/os/windows/os_windows.cpp:3273), pid=6556, tid=8332
#
# JRE version:  (11.0.12+8) (build )
# Java VM: Java HotSpot(TM) 64-Bit Server VM (11.0.12+8-LTS-237, mixed mode, sharing, tiered, compressed oops, g1 gc, windows-amd64)
# No core dump will be written. Minidumps are not enabled by default on client versions of Windows
#

---------------  S U M M A R Y ------------

Command Line: -Xverify:none -XX:TieredStopAtLevel=1 -Dfile.encoding=windows-1250 -Duser.country=PL -Duser.language=pl -Duser.variant com.crud.tasks.TaskApplication

Host: Intel(R) Pentium(R) CPU  N3520  @ 2.16GHz, 4 cores, 7G,  Windows 8.1 , 64 bit Build 9600 (6.3.9600.19843)
Time: Sat Oct  9 20:47:10 2021 ?rodkowoeuropejski czas letni elapsed time: 0.054080 seconds (0d 0h 0m 0s)

---------------  T H R E A D  ---------------

Current thread (0x00000023e5dc3800):  JavaThread "Unknown thread" [_thread_in_vm, id=8332, stack(0x00000023e5460000,0x00000023e5560000)]

Stack: [0x00000023e5460000,0x00000023e5560000]
Native frames: (J=compiled Java code, j=interpreted, Vv=VM code, C=native code)
V  [jvm.dll+0x617d9a]
V  [jvm.dll+0x74eeef]
V  [jvm.dll+0x750599]
V  [jvm.dll+0x750c23]
V  [jvm.dll+0x2438d8]
V  [jvm.dll+0x61518a]
V  [jvm.dll+0x609f45]
V  [jvm.dll+0x2f85cc]
V  [jvm.dll+0x2f8452]
V  [jvm.dll+0x2fd106]
V  [jvm.dll+0x33f6ef]
V  [jvm.dll+0x33f120]
V  [jvm.dll+0x2d5ca8]
V  [jvm.dll+0x2d6e06]
V  [jvm.dll+0x72a977]
V  [jvm.dll+0x72c21f]
V  [jvm.dll+0x34c469]
V  [jvm.dll+0x710400]
V  [jvm.dll+0x3b5baf]
V  [jvm.dll+0x3b7cb1]
C  [jli.dll+0x520b]
C  [ucrtbase.DLL+0x1d912]
C  [KERNEL32.DLL+0x13f2]
C  [ntdll.dll+0x154f4]


---------------  P R O C E S S  ---------------

Threads class SMR info:
_java_thread_list=0x00000023e3b97560, length=0, elements={
}

Java Threads: ( => current thread )

Other Threads:
  0x00000023e5dd9800 GCTaskThread "GC Thread#0" [stack: 0x00000023e5740000,0x00000023e5840000] [id=7144]
  0x00000023e5e0c800 ConcurrentGCThread "G1 Main Marker" [stack: 0x00000023ffdd0000,0x00000023ffed0000] [id=9096]
  0x00000023e5e0e000 ConcurrentGCThread "G1 Conc#0" [stack: 0x00000023ffed0000,0x00000023fffd0000] [id=7328]

[error occurred during error reporting (printing all threads), id 0xc0000005, EXCEPTION_ACCESS_VIOLATION (0xc0000005) at pc=0x00007ffaa9984f37]

VM state:not at safepoint (not fully initialized)

VM Mutex/Monitor currently owned by a thread:  ([mutex/lock_event])
[0x00000023e5dc21b0] Heap_lock - owner thread: 0x00000023e5dc3800

Heap address: 0x0000000081c00000, size: 2020 MB, Compressed Oops mode: Non-zero based: 0x0000000081c00000
Narrow klass base: 0x0000000000000000, Narrow klass shift: 0

GC Heap History (0 events):
No events

Deoptimization events (0 events):
No events

Classes redefined (0 events):
No events

Internal exceptions (0 events):
No events

Events (0 events):
No events


Dynamic libraries:
0x00007ff670a80000 - 0x00007ff670a8f000 	C:\Program Files\Java\jdk-11.0.12\bin\java.exe
0x00007ffaec1c0000 - 0x00007ffaec36d000 	C:\Windows\SYSTEM32\ntdll.dll
0x00007ffaea2b0000 - 0x00007ffaea3ef000 	C:\Windows\system32\KERNEL32.DLL
0x00007ffad5c90000 - 0x00007ffad5ca5000 	C:\Program Files\AVAST Software\Avast\aswhook.dll
0x00007ffae96a0000 - 0x00007ffae97b5000 	C:\Windows\system32\KERNELBASE.dll
0x00007ffade160000 - 0x00007ffade178000 	C:\Program Files\Java\jdk-11.0.12\bin\jli.dll
0x00007ffade140000 - 0x00007ffade155000 	C:\Program Files\Java\jdk-11.0.12\bin\VCRUNTIME140.dll
0x00007ffadecd0000 - 0x00007ffadecd4000 	C:\Program Files\Java\jdk-11.0.12\bin\api-ms-win-crt-stdio-l1-1-0.dll
0x00007ffade130000 - 0x00007ffade134000 	C:\Program Files\Java\jdk-11.0.12\bin\api-ms-win-crt-runtime-l1-1-0.dll
0x00007ffade120000 - 0x00007ffade123000 	C:\Program Files\Java\jdk-11.0.12\bin\api-ms-win-crt-environment-l1-1-0.dll
0x00007ffade110000 - 0x00007ffade115000 	C:\Program Files\Java\jdk-11.0.12\bin\api-ms-win-crt-math-l1-1-0.dll
0x00007ffad8ec0000 - 0x00007ffad8ec3000 	C:\Program Files\Java\jdk-11.0.12\bin\api-ms-win-crt-locale-l1-1-0.dll
0x00007ffad8e80000 - 0x00007ffad8e83000 	C:\Program Files\Java\jdk-11.0.12\bin\api-ms-win-crt-heap-l1-1-0.dll
0x00007ffaea620000 - 0x00007ffaea6ca000 	C:\Windows\system32\ADVAPI32.dll
0x00007ffae6b30000 - 0x00007ffae6dab000 	C:\Windows\WinSxS\amd64_microsoft.windows.common-controls_6595b64144ccf1df_6.0.9600.19394_none_62486577ecb635cf\COMCTL32.dll
0x00007ffaea070000 - 0x00007ffaea1e7000 	C:\Windows\system32\USER32.dll
0x00007ffae6e10000 - 0x00007ffae6e1a000 	C:\Windows\SYSTEM32\VERSION.dll
0x00007ffad8af0000 - 0x00007ffad8af3000 	C:\Program Files\Java\jdk-11.0.12\bin\api-ms-win-crt-filesystem-l1-1-0.dll
0x00007ffad8ad0000 - 0x00007ffad8ad4000 	C:\Program Files\Java\jdk-11.0.12\bin\api-ms-win-crt-string-l1-1-0.dll
0x00007ffad6e20000 - 0x00007ffad6e24000 	C:\Program Files\Java\jdk-11.0.12\bin\api-ms-win-crt-convert-l1-1-0.dll
0x00007ffaea1f0000 - 0x00007ffaea29a000 	C:\Windows\system32\msvcrt.dll
0x00007ffaea6d0000 - 0x00007ffaea728000 	C:\Windows\SYSTEM32\sechost.dll
0x00007ffae9f20000 - 0x00007ffaea060000 	C:\Windows\system32\RPCRT4.dll
0x00007ffaebe80000 - 0x00007ffaebfcd000 	C:\Windows\system32\GDI32.dll
0x00007ffaaa830000 - 0x00007ffaaa92a000 	C:\Program Files\Java\jdk-11.0.12\bin\ucrtbase.DLL
0x00007ffae97c0000 - 0x00007ffae97ee000 	C:\Windows\system32\SspiCli.dll
0x00007ffaebe40000 - 0x00007ffaebe76000 	C:\Windows\system32\IMM32.DLL
0x00007ffaea3f0000 - 0x00007ffaea541000 	C:\Windows\system32\MSCTF.dll
0x00007ffaaaef0000 - 0x00007ffaaaf8b000 	C:\Program Files\Java\jdk-11.0.12\bin\msvcp140.dll
0x00007ffad6b70000 - 0x00007ffad6b73000 	C:\Program Files\Java\jdk-11.0.12\bin\api-ms-win-crt-time-l1-1-0.dll
0x00007ffad6570000 - 0x00007ffad6573000 	C:\Program Files\Java\jdk-11.0.12\bin\api-ms-win-crt-utility-l1-1-0.dll
0x00007ffaa96a0000 - 0x00007ffaaa19f000 	C:\Program Files\Java\jdk-11.0.12\bin\server\jvm.dll
0x00007ffae3310000 - 0x00007ffae3319000 	C:\Windows\SYSTEM32\WSOCK32.dll
0x00007ffad9470000 - 0x00007ffad9492000 	C:\Windows\SYSTEM32\WINMM.dll
0x00007ffaea060000 - 0x00007ffaea067000 	C:\Windows\system32\PSAPI.DLL
0x00007ffae9840000 - 0x00007ffae989a000 	C:\Windows\system32\WS2_32.dll
0x00007ffad8e90000 - 0x00007ffad8eba000 	C:\Windows\SYSTEM32\WINMMBASE.dll
0x00007ffaea2a0000 - 0x00007ffaea2a9000 	C:\Windows\system32\NSI.dll
0x00007ffae97f0000 - 0x00007ffae983f000 	C:\Windows\SYSTEM32\cfgmgr32.dll
0x00007ffae8120000 - 0x00007ffae8148000 	C:\Windows\SYSTEM32\DEVOBJ.dll
0x00007ffacda40000 - 0x00007ffacda50000 	C:\Program Files\Java\jdk-11.0.12\bin\verify.dll
0x00007ffae66d0000 - 0x00007ffae6859000 	C:\Windows\SYSTEM32\DBGHELP.DLL
0x00007ffac0eb0000 - 0x00007ffac0ed8000 	C:\Program Files\Java\jdk-11.0.12\bin\java.dll
0x00007ffacd9b0000 - 0x00007ffacd9ba000 	C:\Program Files\Java\jdk-11.0.12\bin\jimage.dll
0x00007ffaccae0000 - 0x00007ffaccaf6000 	C:\Program Files\Java\jdk-11.0.12\bin\zip.dll

dbghelp: loaded successfully - version: 4.0.5 - missing functions: none
symbol engine: initialized successfully - sym options: 0x614 - pdb path: .;C:\Program Files\Java\jdk-11.0.12\bin;C:\Windows\SYSTEM32;C:\Program Files\AVAST Software\Avast;C:\Windows\WinSxS\amd64_microsoft.windows.common-controls_6595b64144ccf1df_6.0.9600.19394_none_62486577ecb635cf;C:\Program Files\Java\jdk-11.0.12\bin\server

VM Arguments:
jvm_args: -Xverify:none -XX:TieredStopAtLevel=1 -Dfile.encoding=windows-1250 -Duser.country=PL -Duser.language=pl -Duser.variant 
java_command: com.crud.tasks.TaskApplication
java_class_path (initial): C:\Development\task\build\classes\java\main;C:\Development\task\build\resources\main;C:\Users\tesco\.gradle\caches\modules-2\files-2.1\org.projectlombok\lombok\1.18.18\481f5bfed3ae29f656eedfe9e98c8365b8ba5c57\lombok-1.18.18.jar;C:\Users\tesco\.gradle\caches\modules-2\files-2.1\mysql\mysql-connector-java\8.0.25\f8b9123acd13058c941aff25f308c9ed8000bb73\mysql-connector-java-8.0.25.jar;C:\Users\tesco\.gradle\caches\modules-2\files-2.1\io.springfox\springfox-swagger2\2.9.2\362676bc7f4c6f9f1d568741becab0dfc198c898\springfox-swagger2-2.9.2.jar;C:\Users\tesco\.gradle\caches\modules-2\files-2.1\io.springfox\springfox-swagger-ui\2.9.2\d542382a88ff3ea8d4032c28b2b0325797fada7d\springfox-swagger-ui-2.9.2.jar;C:\Users\tesco\.gradle\caches\modules-2\files-2.1\org.springframework\spring-webmvc\5.3.6\a9bff0c28f90c73b0443de1d9299f32778ac8421\spring-webmvc-5.3.6.jar;C:\Users\tesco\.gradle\caches\modules-2\files-2.1\org.springframework\spring-web\5.3.6\f9290db7324194921c236ad9a940467f55304fa7\spring-web-5.3.6.jar;C:\Users\tesco\.gradle\caches\modules-2\files-2.1\jakarta.transaction\jakarta.transaction-api\1.3.3\c4179d48720a1e87202115fbed6089bdc4195405\jakarta.transaction-api-1.3.3.jar;C:\Users\tesco\.gradle\caches\modules-2\files-2.1\jakarta.persistence\jakarta.persistence-api\2.2.3\8f6ea5daedc614f07a3654a455660145286f024e\jakarta.persistence-api-2.2.3.jar;C:\Users\tesco\.gradle\caches\modules-2\files-2.1\org.hibernate\hibernate-core\5.4.30.Final\cc01edcad99375a595ab1b22933857d552684e11\hibernate-core-5.4.30.Final.jar;C:\Users\tesco\.gradle\caches\modules-2\files-2.1\org.springframework.data\spring-data-jpa\2.4.8\3b828cf72c68f3affc75809229fc729ab530c6af\spring-data-jpa-2.4.8.jar;C:\Users\tesco\.gradle\caches\modules-2\files-2.1\org.springframework\spring-aspects\5.3.6\69b5017aa748f6832798079ece6a018cb25e7f15\spring-aspects-5.3.6.jar;C:\Users\tesco\.gradle\caches\modules-2\files-2.1\org.glassfish\jakarta.el\3.0.3\dab46ee1ee23f7197c13d7c40fce14817c9017df\jaka
Launcher Type: SUN_STANDARD

[Global flags]
     bool BytecodeVerificationLocal                = false                                     {product} {command line}
     bool BytecodeVerificationRemote               = false                                     {product} {command line}
     intx CICompilerCount                          = 3                                         {product} {ergonomic}
     uint ConcGCThreads                            = 1                                         {product} {ergonomic}
     uint G1ConcRefinementThreads                  = 4                                         {product} {ergonomic}
   size_t G1HeapRegionSize                         = 1048576                                   {product} {ergonomic}
    uintx GCDrainStackTargetSize                   = 64                                        {product} {ergonomic}
   size_t InitialHeapSize                          = 134217728                                 {product} {ergonomic}
   size_t MarkStackSize                            = 4194304                                   {product} {ergonomic}
   size_t MaxHeapSize                              = 2118123520                                {product} {ergonomic}
   size_t MinHeapDeltaBytes                        = 1048576                                   {product} {ergonomic}
    uintx NonNMethodCodeHeapSize                   = 6973028                                {pd product} {ergonomic}
    uintx NonProfiledCodeHeapSize                  = 244685212                              {pd product} {ergonomic}
    uintx ProfiledCodeHeapSize                     = 0                                      {pd product} {ergonomic}
    uintx ReservedCodeCacheSize                    = 251658240                              {pd product} {ergonomic}
     bool SegmentedCodeCache                       = true                                      {product} {ergonomic}
     intx TieredStopAtLevel                        = 1                                         {product} {command line}
     bool UseCompressedClassPointers               = true                                 {lp64_product} {ergonomic}
     bool UseCompressedOops                        = true                                 {lp64_product} {ergonomic}
     bool UseG1GC                                  = true                                      {product} {ergonomic}
     bool UseLargePagesIndividualAllocation        = false                                  {pd product} {ergonomic}

Logging:
Log output configuration:
 #0: stdout all=warning uptime,level,tags
 #1: stderr all=off uptime,level,tags

Environment Variables:
JAVA_HOME=C:\Program Files\Java\jdk-11.0.12
CLASSPATH=C:\Development\task\\gradle\wrapper\gradle-wrapper.jar
PATH=C:\Program Files\Common Files\Oracle\Java\javapath;C:\gradle-7.0\bin;C:\Program Files\Git\cmd;C:\Program Files\Git\mingw64\bin;C:\Program Files\Git\usr\bin;C:\Program Files\Java\jdk-11.0.12\bin;C:\Program Files\heroku\bin;C:\Users\tesco\AppData\Local\Programs\Microsoft VS Code\bin
USERNAME=tesco
OS=Windows_NT
PROCESSOR_IDENTIFIER=Intel64 Family 6 Model 55 Stepping 3, GenuineIntel



---------------  S Y S T E M  ---------------

OS: Windows 8.1 , 64 bit Build 9600 (6.3.9600.19843)

CPU:total 4 (initial active 4) (4 cores per cpu, 1 threads per core) family 6 model 55 stepping 3 microcode 0x31a, cmov, cx8, fxsr, mmx, sse, sse2, sse3, ssse3, sse4.1, sse4.2, popcnt, clmul, erms, 3dnowpref, tsc, tscinvbit

Memory: 4k page, system-wide physical 8075M (1121M free)
TotalPageFile size 9099M (AvailPageFile size 43M)
current process WorkingSet (physical memory assigned to process): 9M, peak: 9M
current process commit charge ("private bytes"): 49M, peak: 177M

vm_info: Java HotSpot(TM) 64-Bit Server VM (11.0.12+8-LTS-237) for windows-amd64 JRE (11.0.12+8-LTS-237), built on Jun  8 2021 11:25:59 by "mach5one" with MS VC++ 15.9 (VS2017)

END.
