#
# There is insufficient memory for the Java Runtime Environment to continue.
# Native memory allocation (mmap) failed to map 27262976 bytes for Failed to commit area from 0x0000000089c00000 to 0x000000008b600000 of length 27262976.
# Possible reasons:
#   The system is out of physical RAM or swap space
#   The process is running with CompressedOops enabled, and the Java Heap may be blocking the growth of the native heap
# Possible solutions:
#   Reduce memory load on the system
#   Increase physical memory or swap space
#   Check if swap backing store is full
#   Decrease Java heap size (-Xmx/-Xms)
#   Decrease number of Java threads
#   Decrease Java thread stack sizes (-Xss)
#   Set larger code cache with -XX:ReservedCodeCacheSize=
#   JVM is running with Unscaled Compressed Oops mode in which the Java heap is
#     placed in the first 4GB address space. The Java Heap base address is the
#     maximum limit for the native heap growth. Please use -XX:HeapBaseMinAddress
#     to set the Java Heap base and to place the Java Heap above 4GB virtual address.
# This output file may be truncated or incomplete.
#
#  Out of Memory Error (./src/hotspot/os/windows/os_windows.cpp:3301), pid=7844, tid=8284
#
# JRE version: OpenJDK Runtime Environment JBR-11.0.10.9-1341.35-dcevm (11.0.10+9) (build 11.0.10+9-b1341.35)
# Java VM: Dynamic Code Evolution 64-Bit Server VM JBR-11.0.10.9-1341.35-dcevm (11.0.10+9-b1341.35, mixed mode, tiered, compressed oops, g1 gc, windows-amd64)
# No core dump will be written. Minidumps are not enabled by default on client versions of Windows
#

---------------  S U M M A R Y ------------

Command Line: -XX:TieredStopAtLevel=1 -Xverify:none -Dspring.output.ansi.enabled=always -javaagent:C:\Program Files\JetBrains\IntelliJ IDEA 2021.1\lib\idea_rt.jar=59320:C:\Program Files\JetBrains\IntelliJ IDEA 2021.1\bin -Dcom.sun.management.jmxremote -Dspring.jmx.enabled=true -Dspring.liveBeansView.mbeanDomain -Dspring.application.admin.enabled=true -Dfile.encoding=UTF-8 com.crud.tasks.TaskApplication

Host: Intel(R) Pentium(R) CPU  N3520  @ 2.16GHz, 4 cores, 7G,  Windows 8.1 , 64 bit Build 9600 (6.3.9600.19843)
Time: Sat Oct  9 20:43:33 2021 ?rodkowoeuropejski czas letni elapsed time: 15.375379 seconds (0d 0h 0m 15s)

---------------  T H R E A D  ---------------

Current thread (0x0000002302a24000):  VMThread "VM Thread" [stack: 0x0000002302e00000,0x0000002302f00000] [id=8284]

Stack: [0x0000002302e00000,0x0000002302f00000]
[error occurred during error reporting (printing stack bounds), id 0xc0000005, EXCEPTION_ACCESS_VIOLATION (0xc0000005) at pc=0x000000236bc60f3e]

Native frames: (J=compiled Java code, j=interpreted, Vv=VM code, C=native code)
V  [jvm.dll+0x5f84fa]
V  [jvm.dll+0x77e085]
V  [jvm.dll+0x77f5dd]
V  [jvm.dll+0x77fbf5]
V  [jvm.dll+0x77fbab]
V  [jvm.dll+0x5f7898]
V  [jvm.dll+0x5f8028]
C  [ntdll.dll+0x9345d]
C  [ntdll.dll+0x54937]
C  [ntdll.dll+0x925ea]
C  0x000000236bc60f3e

VM_Operation (0x000000236781cc90): G1CollectForAllocation, mode: safepoint, requested by thread 0x0000002368094800


---------------  P R O C E S S  ---------------

Threads class SMR info:
_java_thread_list=0x0000002305bb77c0, length=14, elements={
0x0000002368094800, 0x000000237ffab800, 0x000000237ffad000, 0x0000002302a73800,
0x0000002302a74800, 0x0000002302a76000, 0x0000002302a79000, 0x0000002302a9e000,
0x0000002302bc7000, 0x0000002303976800, 0x0000002303b74000, 0x0000002303c8e800,
0x0000002303c9b800, 0x0000002305532000
}

Java Threads: ( => current thread )
  0x0000002368094800 JavaThread "main" [_thread_blocked, id=8848, stack(0x0000002367720000,0x0000002367820000)]
  0x000000237ffab800 JavaThread "Reference Handler" daemon [_thread_blocked, id=8444, stack(0x0000002302f00000,0x0000002303000000)]
  0x000000237ffad000 JavaThread "Finalizer" daemon [_thread_blocked, id=8176, stack(0x0000002303000000,0x0000002303100000)]
  0x0000002302a73800 JavaThread "Signal Dispatcher" daemon [_thread_blocked, id=8552, stack(0x00000023031f0000,0x00000023032f0000)]
  0x0000002302a74800 JavaThread "Attach Listener" daemon [_thread_blocked, id=1044, stack(0x00000023032f0000,0x00000023033f0000)]
  0x0000002302a76000 JavaThread "Service Thread" daemon [_thread_blocked, id=8208, stack(0x00000023033f0000,0x00000023034f0000)]
  0x0000002302a79000 JavaThread "C1 CompilerThread0" daemon [_thread_blocked, id=8532, stack(0x00000023034f0000,0x00000023035f0000)]
  0x0000002302a9e000 JavaThread "Sweeper thread" daemon [_thread_blocked, id=8324, stack(0x00000023035f0000,0x00000023036f0000)]
  0x0000002302bc7000 JavaThread "Common-Cleaner" daemon [_thread_blocked, id=8808, stack(0x00000023036f0000,0x00000023037f0000)]
  0x0000002303976800 JavaThread "Monitor Ctrl-Break" daemon [_thread_in_native, id=80, stack(0x0000002303ff0000,0x00000023040f0000)]
  0x0000002303b74000 JavaThread "RMI TCP Accept-0" daemon [_thread_in_native, id=8404, stack(0x00000023047d0000,0x00000023048d0000)]
  0x0000002303c8e800 JavaThread "RMI TCP Connection(2)-192.168.8.103" daemon [_thread_in_native, id=7384, stack(0x0000002304dd0000,0x0000002304ed0000)]
  0x0000002303c9b800 JavaThread "RMI Scheduler(0)" daemon [_thread_blocked, id=7528, stack(0x0000002304ed0000,0x0000002304fd0000)]
  0x0000002305532000 JavaThread "RMI TCP Connection(3)-192.168.8.103" daemon [_thread_blocked, id=2000, stack(0x0000002306aa0000,0x0000002306ba0000)]

Other Threads:
=>0x0000002302a24000 VMThread "VM Thread" [stack: 0x0000002302e00000,0x0000002302f00000] [id=8284]
  0x0000002303b7a000 WatcherThread [stack: 0x00000023049d0000,0x0000002304ad0000] [id=1872]
  0x00000023680ac800 GCTaskThread "GC Thread#0" [stack: 0x0000002367a00000,0x0000002367b00000] [id=8796]
  0x0000002303bfb800 GCTaskThread "GC Thread#1" [stack: 0x0000002304ad0000,0x0000002304bd0000] [id=7048]
  0x0000002303b70800 GCTaskThread "GC Thread#2" [stack: 0x0000002304bd0000,0x0000002304cd0000] [id=7996]
  0x0000002305550800 GCTaskThread "GC Thread#3" [stack: 0x00000023069a0000,0x0000002306aa0000] [id=8948]
  0x00000023680dd000 ConcurrentGCThread "G1 Main Marker" [stack: 0x000000237f780000,0x000000237f880000] [id=8912]
  0x00000023680de000 ConcurrentGCThread "G1 Conc#0" [stack: 0x000000237f880000,0x000000237f980000] [id=3816]
  0x000000237fe16000 ConcurrentGCThread "G1 Refine#0" [stack: 0x0000002302000000,0x0000002302100000] [id=5160]
  0x0000002302d41800 ConcurrentGCThread "G1 Refine#1" [stack: 0x0000002304cd0000,0x0000002304dd0000] [id=8120]
  0x000000237fe17000 ConcurrentGCThread "G1 Young RemSet Sampling" [stack: 0x0000002302100000,0x0000002302200000] [id=1164]

Threads with active compile tasks:

VM state:at safepoint (normal execution)

VM Mutex/Monitor currently owned by a thread:  ([mutex/lock_event])
[0x0000002368091f00] Threads_lock - owner thread: 0x0000002302a24000
[0x00000023680906d0] Heap_lock - owner thread: 0x0000002368094800

Heap address: 0x0000000081c00000, size: 2020 MB, Compressed Oops mode: 32-bit
Narrow klass base: 0x0000000000000000, Narrow klass shift: 3
Compressed class space size: 1073741824 Address: 0x0000000100000000

Heap:
 garbage-first heap   total 157696K, used 17281K [0x0000000081c00000, 0x0000000100000000)
  region size 1024K, 6 young (6144K), 6 survivors (6144K)
 Metaspace       used 38388K, capacity 39696K, committed 39804K, reserved 1083392K
  class space    used 5005K, capacity 5506K, committed 5580K, reserved 1048576K
Heap Regions: E=young(eden), S=young(survivor), O=old, HS=humongous(starts), HC=humongous(continues), CS=collection set, F=free, A=archive, TAMS=top-at-mark-start (previous, next)
|   0|0x0000000081c00000, 0x0000000081d00000, 0x0000000081d00000|100%|HS|  |TAMS 0x0000000081d00000, 0x0000000081c00000| Complete 
|   1|0x0000000081d00000, 0x0000000081e00000, 0x0000000081e00000|100%| O|  |TAMS 0x0000000081e00000, 0x0000000081d00000| Untracked 
|   2|0x0000000081e00000, 0x0000000081f00000, 0x0000000081f00000|100%| O|  |TAMS 0x0000000081f00000, 0x0000000081e00000| Untracked 
|   3|0x0000000081f00000, 0x0000000082000000, 0x0000000082000000|100%| O|  |TAMS 0x0000000082000000, 0x0000000081f00000| Untracked 
|   4|0x0000000082000000, 0x0000000082100000, 0x0000000082100000|100%| O|  |TAMS 0x0000000082100000, 0x0000000082000000| Untracked 
|   5|0x0000000082100000, 0x0000000082200000, 0x0000000082200000|100%| O|  |TAMS 0x0000000082200000, 0x0000000082100000| Untracked 
|   6|0x0000000082200000, 0x0000000082300000, 0x0000000082300000|100%| O|  |TAMS 0x0000000082300000, 0x0000000082200000| Untracked 
|   7|0x0000000082300000, 0x0000000082400000, 0x0000000082400000|100%| O|  |TAMS 0x0000000082400000, 0x0000000082300000| Untracked 
|   8|0x0000000082400000, 0x0000000082500000, 0x0000000082500000|100%| O|  |TAMS 0x0000000082500000, 0x0000000082400000| Untracked 
|   9|0x0000000082500000, 0x0000000082600000, 0x0000000082600000|100%| O|  |TAMS 0x0000000082515e00, 0x0000000082500000| Untracked 
|  10|0x0000000082600000, 0x00000000826e0600, 0x0000000082700000| 87%| O|  |TAMS 0x0000000082600000, 0x0000000082600000| Untracked 
|  11|0x0000000082700000, 0x0000000082700000, 0x0000000082800000|  0%| F|  |TAMS 0x0000000082700000, 0x0000000082700000| Untracked 
|  12|0x0000000082800000, 0x0000000082800000, 0x0000000082900000|  0%| F|  |TAMS 0x0000000082800000, 0x0000000082800000| Untracked 
|  13|0x0000000082900000, 0x0000000082900000, 0x0000000082a00000|  0%| F|  |TAMS 0x0000000082900000, 0x0000000082900000| Untracked 
|  14|0x0000000082a00000, 0x0000000082a00000, 0x0000000082b00000|  0%| F|  |TAMS 0x0000000082a00000, 0x0000000082a00000| Untracked 
|  15|0x0000000082b00000, 0x0000000082b00000, 0x0000000082c00000|  0%| F|  |TAMS 0x0000000082b00000, 0x0000000082b00000| Untracked 
|  16|0x0000000082c00000, 0x0000000082c00000, 0x0000000082d00000|  0%| F|  |TAMS 0x0000000082c00000, 0x0000000082c00000| Untracked 
|  17|0x0000000082d00000, 0x0000000082d00000, 0x0000000082e00000|  0%| F|  |TAMS 0x0000000082d00000, 0x0000000082d00000| Untracked 
|  18|0x0000000082e00000, 0x0000000082e00000, 0x0000000082f00000|  0%| F|  |TAMS 0x0000000082e00000, 0x0000000082e00000| Untracked 
|  19|0x0000000082f00000, 0x0000000082f00000, 0x0000000083000000|  0%| F|  |TAMS 0x0000000082f00000, 0x0000000082f00000| Untracked 
|  20|0x0000000083000000, 0x0000000083000000, 0x0000000083100000|  0%| F|  |TAMS 0x0000000083000000, 0x0000000083000000| Untracked 
|  21|0x0000000083100000, 0x0000000083100000, 0x0000000083200000|  0%| F|  |TAMS 0x0000000083100000, 0x0000000083100000| Untracked 
|  22|0x0000000083200000, 0x0000000083200000, 0x0000000083300000|  0%| F|  |TAMS 0x0000000083200000, 0x0000000083200000| Untracked 
|  23|0x0000000083300000, 0x0000000083300000, 0x0000000083400000|  0%| F|  |TAMS 0x0000000083300000, 0x0000000083300000| Untracked 
|  24|0x0000000083400000, 0x0000000083400000, 0x0000000083500000|  0%| F|  |TAMS 0x0000000083400000, 0x0000000083400000| Untracked 
|  25|0x0000000083500000, 0x0000000083500000, 0x0000000083600000|  0%| F|  |TAMS 0x0000000083500000, 0x0000000083500000| Untracked 
|  26|0x0000000083600000, 0x0000000083600000, 0x0000000083700000|  0%| F|  |TAMS 0x0000000083600000, 0x0000000083600000| Untracked 
|  27|0x0000000083700000, 0x0000000083700000, 0x0000000083800000|  0%| F|  |TAMS 0x0000000083700000, 0x0000000083700000| Untracked 
|  28|0x0000000083800000, 0x0000000083800000, 0x0000000083900000|  0%| F|  |TAMS 0x0000000083800000, 0x0000000083800000| Untracked 
|  29|0x0000000083900000, 0x0000000083900000, 0x0000000083a00000|  0%| F|  |TAMS 0x0000000083900000, 0x0000000083900000| Untracked 
|  30|0x0000000083a00000, 0x0000000083a00000, 0x0000000083b00000|  0%| F|  |TAMS 0x0000000083a00000, 0x0000000083a00000| Untracked 
|  31|0x0000000083b00000, 0x0000000083b00000, 0x0000000083c00000|  0%| F|  |TAMS 0x0000000083b00000, 0x0000000083b00000| Untracked 
|  32|0x0000000083c00000, 0x0000000083c00000, 0x0000000083d00000|  0%| F|  |TAMS 0x0000000083c00000, 0x0000000083c00000| Untracked 
|  33|0x0000000083d00000, 0x0000000083d00000, 0x0000000083e00000|  0%| F|  |TAMS 0x0000000083d00000, 0x0000000083d00000| Untracked 
|  34|0x0000000083e00000, 0x0000000083e00000, 0x0000000083f00000|  0%| F|  |TAMS 0x0000000083e00000, 0x0000000083e00000| Untracked 
|  35|0x0000000083f00000, 0x0000000083f00000, 0x0000000084000000|  0%| F|  |TAMS 0x0000000083f00000, 0x0000000083f00000| Untracked 
|  36|0x0000000084000000, 0x0000000084000000, 0x0000000084100000|  0%| F|  |TAMS 0x0000000084000000, 0x0000000084000000| Untracked 
|  37|0x0000000084100000, 0x0000000084100000, 0x0000000084200000|  0%| F|  |TAMS 0x0000000084100000, 0x0000000084100000| Untracked 
|  38|0x0000000084200000, 0x0000000084200000, 0x0000000084300000|  0%| F|  |TAMS 0x0000000084200000, 0x0000000084200000| Untracked 
|  39|0x0000000084300000, 0x0000000084300000, 0x0000000084400000|  0%| F|  |TAMS 0x0000000084300000, 0x0000000084300000| Untracked 
|  40|0x0000000084400000, 0x0000000084400000, 0x0000000084500000|  0%| F|  |TAMS 0x0000000084400000, 0x0000000084400000| Untracked 
|  41|0x0000000084500000, 0x0000000084500000, 0x0000000084600000|  0%| F|  |TAMS 0x0000000084500000, 0x0000000084500000| Untracked 
|  42|0x0000000084600000, 0x0000000084600000, 0x0000000084700000|  0%| F|  |TAMS 0x0000000084600000, 0x0000000084600000| Untracked 
|  43|0x0000000084700000, 0x0000000084700000, 0x0000000084800000|  0%| F|  |TAMS 0x0000000084700000, 0x0000000084700000| Untracked 
|  44|0x0000000084800000, 0x0000000084800000, 0x0000000084900000|  0%| F|  |TAMS 0x0000000084800000, 0x0000000084800000| Untracked 
|  45|0x0000000084900000, 0x0000000084900000, 0x0000000084a00000|  0%| F|  |TAMS 0x0000000084900000, 0x0000000084900000| Untracked 
|  46|0x0000000084a00000, 0x0000000084b00000, 0x0000000084b00000|100%| S|CS|TAMS 0x0000000084a00000, 0x0000000084a00000| Complete 
|  47|0x0000000084b00000, 0x0000000084c00000, 0x0000000084c00000|100%| S|CS|TAMS 0x0000000084b00000, 0x0000000084b00000| Complete 
|  48|0x0000000084c00000, 0x0000000084d00000, 0x0000000084d00000|100%| S|CS|TAMS 0x0000000084c00000, 0x0000000084c00000| Complete 
|  49|0x0000000084d00000, 0x0000000084e00000, 0x0000000084e00000|100%| S|CS|TAMS 0x0000000084d00000, 0x0000000084d00000| Complete 
|  50|0x0000000084e00000, 0x0000000084f00000, 0x0000000084f00000|100%| S|CS|TAMS 0x0000000084e00000, 0x0000000084e00000| Complete 
|  51|0x0000000084f00000, 0x0000000085000000, 0x0000000085000000|100%| S|CS|TAMS 0x0000000084f00000, 0x0000000084f00000| Complete 
|  52|0x0000000085000000, 0x0000000085000000, 0x0000000085100000|  0%| F|  |TAMS 0x0000000085000000, 0x0000000085000000| Untracked 
|  53|0x0000000085100000, 0x0000000085100000, 0x0000000085200000|  0%| F|  |TAMS 0x0000000085100000, 0x0000000085100000| Untracked 
|  54|0x0000000085200000, 0x0000000085200000, 0x0000000085300000|  0%| F|  |TAMS 0x0000000085200000, 0x0000000085200000| Untracked 
|  55|0x0000000085300000, 0x0000000085300000, 0x0000000085400000|  0%| F|  |TAMS 0x0000000085300000, 0x0000000085300000| Untracked 
|  56|0x0000000085400000, 0x0000000085400000, 0x0000000085500000|  0%| F|  |TAMS 0x0000000085400000, 0x0000000085400000| Untracked 
|  57|0x0000000085500000, 0x0000000085500000, 0x0000000085600000|  0%| F|  |TAMS 0x0000000085500000, 0x0000000085500000| Untracked 
|  58|0x0000000085600000, 0x0000000085600000, 0x0000000085700000|  0%| F|  |TAMS 0x0000000085600000, 0x0000000085600000| Untracked 
|  59|0x0000000085700000, 0x0000000085700000, 0x0000000085800000|  0%| F|  |TAMS 0x0000000085700000, 0x0000000085700000| Untracked 
|  60|0x0000000085800000, 0x0000000085800000, 0x0000000085900000|  0%| F|  |TAMS 0x0000000085800000, 0x0000000085800000| Untracked 
|  61|0x0000000085900000, 0x0000000085900000, 0x0000000085a00000|  0%| F|  |TAMS 0x0000000085900000, 0x0000000085900000| Untracked 
|  62|0x0000000085a00000, 0x0000000085a00000, 0x0000000085b00000|  0%| F|  |TAMS 0x0000000085a00000, 0x0000000085a00000| Untracked 
|  63|0x0000000085b00000, 0x0000000085b00000, 0x0000000085c00000|  0%| F|  |TAMS 0x0000000085b00000, 0x0000000085b00000| Untracked 
|  64|0x0000000085c00000, 0x0000000085c00000, 0x0000000085d00000|  0%| F|  |TAMS 0x0000000085c00000, 0x0000000085c00000| Untracked 
|  65|0x0000000085d00000, 0x0000000085d00000, 0x0000000085e00000|  0%| F|  |TAMS 0x0000000085d00000, 0x0000000085d00000| Untracked 
|  66|0x0000000085e00000, 0x0000000085e00000, 0x0000000085f00000|  0%| F|  |TAMS 0x0000000085e00000, 0x0000000085e00000| Untracked 
|  67|0x0000000085f00000, 0x0000000085f00000, 0x0000000086000000|  0%| F|  |TAMS 0x0000000085f00000, 0x0000000085f00000| Untracked 
|  68|0x0000000086000000, 0x0000000086000000, 0x0000000086100000|  0%| F|  |TAMS 0x0000000086000000, 0x0000000086000000| Untracked 
|  69|0x0000000086100000, 0x0000000086100000, 0x0000000086200000|  0%| F|  |TAMS 0x0000000086100000, 0x0000000086100000| Untracked 
|  70|0x0000000086200000, 0x0000000086200000, 0x0000000086300000|  0%| F|  |TAMS 0x0000000086200000, 0x0000000086200000| Untracked 
|  71|0x0000000086300000, 0x0000000086300000, 0x0000000086400000|  0%| F|  |TAMS 0x0000000086300000, 0x0000000086300000| Untracked 
|  72|0x0000000086400000, 0x0000000086400000, 0x0000000086500000|  0%| F|  |TAMS 0x0000000086400000, 0x0000000086400000| Untracked 
|  73|0x0000000086500000, 0x0000000086500000, 0x0000000086600000|  0%| F|  |TAMS 0x0000000086500000, 0x0000000086500000| Untracked 
|  74|0x0000000086600000, 0x0000000086600000, 0x0000000086700000|  0%| F|  |TAMS 0x0000000086600000, 0x0000000086600000| Untracked 
|  75|0x0000000086700000, 0x0000000086700000, 0x0000000086800000|  0%| F|  |TAMS 0x0000000086700000, 0x0000000086700000| Untracked 
|  76|0x0000000086800000, 0x0000000086800000, 0x0000000086900000|  0%| F|  |TAMS 0x0000000086800000, 0x0000000086800000| Untracked 
|  77|0x0000000086900000, 0x0000000086900000, 0x0000000086a00000|  0%| F|  |TAMS 0x0000000086900000, 0x0000000086900000| Untracked 
|  78|0x0000000086a00000, 0x0000000086a00000, 0x0000000086b00000|  0%| F|  |TAMS 0x0000000086a00000, 0x0000000086a00000| Untracked 
|  79|0x0000000086b00000, 0x0000000086b00000, 0x0000000086c00000|  0%| F|  |TAMS 0x0000000086b00000, 0x0000000086b00000| Untracked 
|  80|0x0000000086c00000, 0x0000000086c00000, 0x0000000086d00000|  0%| F|  |TAMS 0x0000000086c00000, 0x0000000086c00000| Untracked 
|  81|0x0000000086d00000, 0x0000000086d00000, 0x0000000086e00000|  0%| F|  |TAMS 0x0000000086d00000, 0x0000000086d00000| Untracked 
|  82|0x0000000086e00000, 0x0000000086e00000, 0x0000000086f00000|  0%| F|  |TAMS 0x0000000086e00000, 0x0000000086e00000| Untracked 
|  83|0x0000000086f00000, 0x0000000086f00000, 0x0000000087000000|  0%| F|  |TAMS 0x0000000086f00000, 0x0000000086f00000| Untracked 
|  84|0x0000000087000000, 0x0000000087000000, 0x0000000087100000|  0%| F|  |TAMS 0x0000000087000000, 0x0000000087000000| Untracked 
|  85|0x0000000087100000, 0x0000000087100000, 0x0000000087200000|  0%| F|  |TAMS 0x0000000087100000, 0x0000000087100000| Untracked 
|  86|0x0000000087200000, 0x0000000087200000, 0x0000000087300000|  0%| F|  |TAMS 0x0000000087200000, 0x0000000087200000| Untracked 
|  87|0x0000000087300000, 0x0000000087300000, 0x0000000087400000|  0%| F|  |TAMS 0x0000000087300000, 0x0000000087300000| Untracked 
|  88|0x0000000087400000, 0x0000000087400000, 0x0000000087500000|  0%| F|  |TAMS 0x0000000087400000, 0x0000000087400000| Untracked 
|  89|0x0000000087500000, 0x0000000087500000, 0x0000000087600000|  0%| F|  |TAMS 0x0000000087500000, 0x0000000087500000| Untracked 
|  90|0x0000000087600000, 0x0000000087600000, 0x0000000087700000|  0%| F|  |TAMS 0x0000000087600000, 0x0000000087600000| Untracked 
|  91|0x0000000087700000, 0x0000000087700000, 0x0000000087800000|  0%| F|  |TAMS 0x0000000087700000, 0x0000000087700000| Untracked 
|  92|0x0000000087800000, 0x0000000087800000, 0x0000000087900000|  0%| F|  |TAMS 0x0000000087800000, 0x0000000087800000| Untracked 
|  93|0x0000000087900000, 0x0000000087900000, 0x0000000087a00000|  0%| F|  |TAMS 0x0000000087900000, 0x0000000087900000| Untracked 
|  94|0x0000000087a00000, 0x0000000087a00000, 0x0000000087b00000|  0%| F|  |TAMS 0x0000000087a00000, 0x0000000087a00000| Untracked 
|  95|0x0000000087b00000, 0x0000000087b00000, 0x0000000087c00000|  0%| F|  |TAMS 0x0000000087b00000, 0x0000000087b00000| Untracked 
|  96|0x0000000087c00000, 0x0000000087c00000, 0x0000000087d00000|  0%| F|  |TAMS 0x0000000087c00000, 0x0000000087c00000| Untracked 
|  97|0x0000000087d00000, 0x0000000087d00000, 0x0000000087e00000|  0%| F|  |TAMS 0x0000000087d00000, 0x0000000087d00000| Untracked 
|  98|0x0000000087e00000, 0x0000000087e00000, 0x0000000087f00000|  0%| F|  |TAMS 0x0000000087e00000, 0x0000000087e00000| Untracked 
|  99|0x0000000087f00000, 0x0000000087f00000, 0x0000000088000000|  0%| F|  |TAMS 0x0000000087f00000, 0x0000000087f00000| Untracked 
| 100|0x0000000088000000, 0x0000000088000000, 0x0000000088100000|  0%| F|  |TAMS 0x0000000088000000, 0x0000000088000000| Untracked 
| 101|0x0000000088100000, 0x0000000088100000, 0x0000000088200000|  0%| F|  |TAMS 0x0000000088100000, 0x0000000088100000| Untracked 
| 102|0x0000000088200000, 0x0000000088200000, 0x0000000088300000|  0%| F|  |TAMS 0x0000000088200000, 0x0000000088200000| Untracked 
| 103|0x0000000088300000, 0x0000000088300000, 0x0000000088400000|  0%| F|  |TAMS 0x0000000088300000, 0x0000000088300000| Untracked 
| 104|0x0000000088400000, 0x0000000088400000, 0x0000000088500000|  0%| F|  |TAMS 0x0000000088400000, 0x0000000088400000| Untracked 
| 105|0x0000000088500000, 0x0000000088500000, 0x0000000088600000|  0%| F|  |TAMS 0x0000000088500000, 0x0000000088500000| Untracked 
| 106|0x0000000088600000, 0x0000000088600000, 0x0000000088700000|  0%| F|  |TAMS 0x0000000088600000, 0x0000000088600000| Untracked 
| 107|0x0000000088700000, 0x0000000088700000, 0x0000000088800000|  0%| F|  |TAMS 0x0000000088700000, 0x0000000088700000| Untracked 
| 108|0x0000000088800000, 0x0000000088800000, 0x0000000088900000|  0%| F|  |TAMS 0x0000000088800000, 0x0000000088800000| Untracked 
| 109|0x0000000088900000, 0x0000000088900000, 0x0000000088a00000|  0%| F|  |TAMS 0x0000000088900000, 0x0000000088900000| Untracked 
| 110|0x0000000088a00000, 0x0000000088a00000, 0x0000000088b00000|  0%| F|  |TAMS 0x0000000088a00000, 0x0000000088a00000| Untracked 
| 111|0x0000000088b00000, 0x0000000088b00000, 0x0000000088c00000|  0%| F|  |TAMS 0x0000000088b00000, 0x0000000088b00000| Untracked 
| 112|0x0000000088c00000, 0x0000000088c00000, 0x0000000088d00000|  0%| F|  |TAMS 0x0000000088c00000, 0x0000000088c00000| Untracked 
| 113|0x0000000088d00000, 0x0000000088d00000, 0x0000000088e00000|  0%| F|  |TAMS 0x0000000088d00000, 0x0000000088d00000| Untracked 
| 114|0x0000000088e00000, 0x0000000088e00000, 0x0000000088f00000|  0%| F|  |TAMS 0x0000000088e00000, 0x0000000088e00000| Untracked 
| 115|0x0000000088f00000, 0x0000000088f00000, 0x0000000089000000|  0%| F|  |TAMS 0x0000000088f00000, 0x0000000088f00000| Untracked 
| 116|0x0000000089000000, 0x0000000089000000, 0x0000000089100000|  0%| F|  |TAMS 0x0000000089000000, 0x0000000089000000| Untracked 
| 117|0x0000000089100000, 0x0000000089100000, 0x0000000089200000|  0%| F|  |TAMS 0x0000000089100000, 0x0000000089100000| Untracked 
| 118|0x0000000089200000, 0x0000000089200000, 0x0000000089300000|  0%| F|  |TAMS 0x0000000089200000, 0x0000000089200000| Untracked 
| 119|0x0000000089300000, 0x0000000089300000, 0x0000000089400000|  0%| F|  |TAMS 0x0000000089300000, 0x0000000089300000| Untracked 
| 120|0x0000000089400000, 0x0000000089400000, 0x0000000089500000|  0%| F|  |TAMS 0x0000000089400000, 0x0000000089400000| Untracked 
| 121|0x0000000089500000, 0x0000000089500000, 0x0000000089600000|  0%| F|  |TAMS 0x0000000089500000, 0x0000000089500000| Untracked 
| 122|0x0000000089600000, 0x0000000089600000, 0x0000000089700000|  0%| F|  |TAMS 0x0000000089600000, 0x0000000089600000| Untracked 
| 123|0x0000000089700000, 0x0000000089700000, 0x0000000089800000|  0%| F|  |TAMS 0x0000000089700000, 0x0000000089700000| Untracked 
| 124|0x0000000089800000, 0x0000000089800000, 0x0000000089900000|  0%| F|  |TAMS 0x0000000089800000, 0x0000000089800000| Untracked 
| 125|0x0000000089900000, 0x0000000089900000, 0x0000000089a00000|  0%| F|  |TAMS 0x0000000089900000, 0x0000000089900000| Untracked 
| 126|0x0000000089a00000, 0x0000000089a00000, 0x0000000089b00000|  0%| F|  |TAMS 0x0000000089a00000, 0x0000000089a00000| Untracked 
| 127|0x0000000089b00000, 0x0000000089b00000, 0x0000000089c00000|  0%| F|  |TAMS 0x0000000089b00000, 0x0000000089b00000| Untracked 

Card table byte_map: [0x000000237b060000,0x000000237b460000] _byte_map_base: 0x000000237ac52000

Marking Bits (Prev, Next): (CMBitMap*) 0x00000023680d4168, (CMBitMap*) 0x00000023680d41a0
 Prev Bits: [0x000000237b860000, 0x000000237d7f0000)
 Next Bits: [0x000000237d7f0000, 0x000000237f780000)

Polling page: 0x0000002365e60000

Metaspace:

Usage:
  Non-class:     33.39 MB capacity,    32.60 MB ( 98%) used,   654.45 KB (  2%) free+waste,   152.38 KB ( <1%) overhead. 
      Class:      5.38 MB capacity,     4.89 MB ( 91%) used,   425.53 KB (  8%) free+waste,    75.25 KB (  1%) overhead. 
       Both:     38.77 MB capacity,    37.49 MB ( 97%) used,     1.05 MB (  3%) free+waste,   227.63 KB ( <1%) overhead. 

Virtual space:
  Non-class space:       34.00 MB reserved,      33.42 MB ( 98%) committed 
      Class space:        1.00 GB reserved,       5.45 MB ( <1%) committed 
             Both:        1.03 GB reserved,      38.87 MB (  4%) committed 

Chunk freelists:
   Non-Class:  34.00 KB
       Class:  0 bytes
        Both:  34.00 KB

MaxMetaspaceSize: 17179869184.00 GB
CompressedClassSpaceSize: 1.00 GB

CodeHeap 'non-profiled nmethods': size=238912Kb used=6001Kb max_used=6001Kb free=232910Kb
 bounds [0x000000236c310000, 0x000000236c8f0000, 0x000000237ac60000]
CodeHeap 'non-nmethods': size=6848Kb used=1151Kb max_used=1151Kb free=5696Kb
 bounds [0x000000236bc60000, 0x000000236bed0000, 0x000000236c310000]
 total_blobs=4384 nmethods=3889 adapters=422
 compilation: enabled
              stopped_count=0, restarted_count=0
 full_count=0

Compilation events (20 events):
Event: 15.153 Thread 0x0000002302a79000 3881       1       java.util.concurrent.locks.AbstractQueuedSynchronizer::compareAndSetState (10 bytes)
Event: 15.154 Thread 0x0000002302a79000 nmethod 3881 0x000000236c8e7d10 code [0x000000236c8e7ee0, 0x000000236c8e80f8]
Event: 15.154 Thread 0x0000002302a79000 3882       1       org.apache.catalina.util.LifecycleBase::fireLifecycleEvent (56 bytes)
Event: 15.157 Thread 0x0000002302a79000 nmethod 3882 0x000000236c8e8210 code [0x000000236c8e8400, 0x000000236c8e8738]
Event: 15.157 Thread 0x0000002302a79000 3883       1       org.apache.catalina.LifecycleEvent::<init> (16 bytes)
Event: 15.157 Thread 0x0000002302a79000 nmethod 3883 0x000000236c8e8890 code [0x000000236c8e8a60, 0x000000236c8e8ce8]
Event: 15.158 Thread 0x0000002302a79000 3884  s    1       org.apache.catalina.util.LifecycleBase::setStateInternal (144 bytes)
Event: 15.160 Thread 0x0000002302a79000 nmethod 3884 0x000000236c8e8d90 code [0x000000236c8e8fc0, 0x000000236c8e9748]
Event: 15.160 Thread 0x0000002302a79000 3885   !   1       java.util.concurrent.ConcurrentHashMap::clear (176 bytes)
Event: 15.163 Thread 0x0000002302a79000 nmethod 3885 0x000000236c8e9a90 code [0x000000236c8e9c80, 0x000000236c8ea338]
Event: 15.163 Thread 0x0000002302a79000 3886       1       org.springframework.core.SerializableTypeWrapper::unwrap (34 bytes)
Event: 15.164 Thread 0x0000002302a79000 nmethod 3886 0x000000236c8ea710 code [0x000000236c8ea8e0, 0x000000236c8eaa98]
Event: 15.166 Thread 0x0000002302a79000 3887       1       org.springframework.boot.autoconfigure.condition.ConditionEvaluationReport$$Lambda$691/0x0000000100560440::accept (20 bytes)
Event: 15.167 Thread 0x0000002302a79000 nmethod 3887 0x000000236c8eab90 code [0x000000236c8ead40, 0x000000236c8eae88]
Event: 15.167 Thread 0x0000002302a79000 3888       1       org.springframework.boot.autoconfigure.condition.ConditionEvaluationReport::lambda$addNoMatchOutcomeToAncestors$1 (54 bytes)
Event: 15.170 Thread 0x0000002302a79000 nmethod 3888 0x000000236c8eaf90 code [0x000000236c8eb1e0, 0x000000236c8eb8f8]
Event: 15.178 Thread 0x0000002302a79000 3889       1       org.springframework.boot.autoconfigure.condition.ConditionEvaluationReport$ConditionAndOutcome::getOutcome (5 bytes)
Event: 15.178 Thread 0x0000002302a79000 nmethod 3889 0x000000236c8ebc90 code [0x000000236c8ebe40, 0x000000236c8ebef8]
Event: 15.181 Thread 0x0000002302a79000 3890       1       java.util.TreeMap::forEach (58 bytes)
Event: 15.182 Thread 0x0000002302a79000 nmethod 3890 0x000000236c8ebf90 code [0x000000236c8ec180, 0x000000236c8ec418]

GC Heap History (13 events):
Event: 2.424 GC heap before
{Heap before GC invocations=0 (full 0):
 garbage-first heap   total 131072K, used 15360K [0x0000000081c00000, 0x0000000100000000)
  region size 1024K, 14 young (14336K), 0 survivors (0K)
 Metaspace       used 12136K, capacity 12405K, committed 12672K, reserved 1060864K
  class space    used 1280K, capacity 1366K, committed 1408K, reserved 1048576K
}
Event: 2.461 GC heap after
{Heap after GC invocations=1 (full 0):
 garbage-first heap   total 131072K, used 6446K [0x0000000081c00000, 0x0000000100000000)
  region size 1024K, 2 young (2048K), 2 survivors (2048K)
 Metaspace       used 12136K, capacity 12405K, committed 12672K, reserved 1060864K
  class space    used 1280K, capacity 1366K, committed 1408K, reserved 1048576K
}
Event: 3.470 GC heap before
{Heap before GC invocations=1 (full 0):
 garbage-first heap   total 131072K, used 9518K [0x0000000081c00000, 0x0000000100000000)
  region size 1024K, 6 young (6144K), 2 survivors (2048K)
 Metaspace       used 14029K, capacity 14445K, committed 14592K, reserved 1062912K
  class space    used 1534K, capacity 1683K, committed 1792K, reserved 1048576K
}
Event: 3.479 GC heap after
{Heap after GC invocations=2 (full 0):
 garbage-first heap   total 131072K, used 7439K [0x0000000081c00000, 0x0000000100000000)
  region size 1024K, 1 young (1024K), 1 survivors (1024K)
 Metaspace       used 14029K, capacity 14445K, committed 14592K, reserved 1062912K
  class space    used 1534K, capacity 1683K, committed 1792K, reserved 1048576K
}
Event: 6.376 GC heap before
{Heap before GC invocations=2 (full 0):
 garbage-first heap   total 131072K, used 40207K [0x0000000081c00000, 0x0000000100000000)
  region size 1024K, 35 young (35840K), 1 survivors (1024K)
 Metaspace       used 20600K, capacity 21222K, committed 21296K, reserved 1069056K
  class space    used 2426K, capacity 2670K, committed 2688K, reserved 1048576K
}
Event: 6.390 GC heap after
{Heap after GC invocations=3 (full 0):
 garbage-first heap   total 131072K, used 9642K [0x0000000081c00000, 0x0000000100000000)
  region size 1024K, 4 young (4096K), 4 survivors (4096K)
 Metaspace       used 20600K, capacity 21222K, committed 21296K, reserved 1069056K
  class space    used 2426K, capacity 2670K, committed 2688K, reserved 1048576K
}
Event: 8.762 GC heap before
{Heap before GC invocations=4 (full 0):
 garbage-first heap   total 131072K, used 51626K [0x0000000081c00000, 0x0000000100000000)
  region size 1024K, 45 young (46080K), 4 survivors (4096K)
 Metaspace       used 25722K, capacity 26567K, committed 26876K, reserved 1073152K
  class space    used 3259K, capacity 3573K, committed 3660K, reserved 1048576K
}
Event: 8.781 GC heap after
{Heap after GC invocations=5 (full 0):
 garbage-first heap   total 131072K, used 11585K [0x0000000081c00000, 0x0000000100000000)
  region size 1024K, 5 young (5120K), 5 survivors (5120K)
 Metaspace       used 25722K, capacity 26567K, committed 26876K, reserved 1073152K
  class space    used 3259K, capacity 3573K, committed 3660K, reserved 1048576K
}
Event: 10.324 GC heap before
{Heap before GC invocations=5 (full 0):
 garbage-first heap   total 131072K, used 83265K [0x0000000081c00000, 0x0000000100000000)
  region size 1024K, 76 young (77824K), 5 survivors (5120K)
 Metaspace       used 28652K, capacity 29523K, committed 29820K, reserved 1075200K
  class space    used 3595K, capacity 3947K, committed 4044K, reserved 1048576K
}
Event: 10.355 GC heap after
{Heap after GC invocations=6 (full 0):
 garbage-first heap   total 131072K, used 13505K [0x0000000081c00000, 0x0000000100000000)
  region size 1024K, 7 young (7168K), 7 survivors (7168K)
 Metaspace       used 28652K, capacity 29523K, committed 29820K, reserved 1075200K
  class space    used 3595K, capacity 3947K, committed 4044K, reserved 1048576K
}
Event: 13.424 GC heap before
{Heap before GC invocations=6 (full 0):
 garbage-first heap   total 131072K, used 78017K [0x0000000081c00000, 0x0000000100000000)
  region size 1024K, 71 young (72704K), 7 survivors (7168K)
 Metaspace       used 34687K, capacity 35834K, committed 35964K, reserved 1081344K
  class space    used 4511K, capacity 4964K, committed 5068K, reserved 1048576K
}
Event: 13.472 GC heap after
{Heap after GC invocations=7 (full 0):
 garbage-first heap   total 131072K, used 15831K [0x0000000081c00000, 0x0000000100000000)
  region size 1024K, 7 young (7168K), 7 survivors (7168K)
 Metaspace       used 34687K, capacity 35834K, committed 35964K, reserved 1081344K
  class space    used 4511K, capacity 4964K, committed 5068K, reserved 1048576K
}
Event: 15.222 GC heap before
{Heap before GC invocations=8 (full 0):
 garbage-first heap   total 131072K, used 85463K [0x0000000081c00000, 0x0000000100000000)
  region size 1024K, 76 young (77824K), 7 survivors (7168K)
 Metaspace       used 38388K, capacity 39696K, committed 39804K, reserved 1083392K
  class space    used 5005K, capacity 5506K, committed 5580K, reserved 1048576K
}

Deoptimization events (2 events):
Event: 12.244 Thread 0x0000002368094800 DEOPT PACKING pc=0x000000236c5fe0e4 sp=0x000000236781d9f0
Event: 12.244 Thread 0x0000002368094800 DEOPT UNPACKING pc=0x000000236bc86bc0 sp=0x000000236781cf58 mode 0

Classes redefined (0 events):
No events

Internal exceptions (20 events):
Event: 13.083 Thread 0x0000002368094800 Exception <a 'java/lang/ClassNotFoundException'{0x00000000864621f8}: org/springframework/beans/factory/AwareCustomizer> (0x00000000864621f8) thrown at [./src/hotspot/share/classfile/systemDictionary.cpp, line 232]
Event: 13.084 Thread 0x0000002368094800 Exception <a 'java/lang/ClassNotFoundException'{0x0000000086472110}: org/springframework/aop/framework/AopInfrastructureBeanCustomizer> (0x0000000086472110) thrown at [./src/hotspot/share/classfile/systemDictionary.cpp, line 232]
Event: 13.212 Thread 0x0000002368094800 Exception <a 'java/lang/ClassNotFoundException'{0x00000000862f7458}: java/lang/ObjectCustomizer> (0x00000000862f7458) thrown at [./src/hotspot/share/classfile/systemDictionary.cpp, line 232]
Event: 13.214 Thread 0x0000002368094800 Exception <a 'java/lang/ClassNotFoundException'{0x000000008610e860}: org/springframework/transaction/annotation/AbstractTransactionManagementConfigurationCustomizer> (0x000000008610e860) thrown at [./src/hotspot/share/classfile/systemDictionary.cpp, line 232]
Event: 13.216 Thread 0x0000002368094800 Exception <a 'java/lang/ClassNotFoundException'{0x0000000086124738}: org/springframework/transaction/annotation/ProxyTransactionManagementConfigurationCustomizer> (0x0000000086124738) thrown at [./src/hotspot/share/classfile/systemDictionary.cpp, line 232]
Event: 13.219 Thread 0x0000002368094800 Exception <a 'java/lang/ClassNotFoundException'{0x0000000086138178}: org/springframework/context/annotation/ImportAwareCustomizer> (0x0000000086138178) thrown at [./src/hotspot/share/classfile/systemDictionary.cpp, line 232]
Event: 13.221 Thread 0x0000002368094800 Exception <a 'java/lang/ClassNotFoundException'{0x0000000086147430}: org/springframework/beans/factory/AwareCustomizer> (0x0000000086147430) thrown at [./src/hotspot/share/classfile/systemDictionary.cpp, line 232]
Event: 13.322 Thread 0x0000002305532000 Exception <a 'java/lang/reflect/InvocationTargetException'{0x0000000085e10d10}> (0x0000000085e10d10) thrown at [./src/hotspot/share/runtime/reflection.cpp, line 1253]
Event: 13.345 Thread 0x0000002368094800 Exception <a 'java/lang/NoSuchMethodError'{0x0000000085d1d560}: 'java.lang.Object java.lang.invoke.DirectMethodHandle$Holder.invokeSpecialIFC(java.lang.Object, java.lang.Object, java.lang.Object)'> (0x0000000085d1d560) thrown at [./src/hotspot/share/interpreter/linkResolver.cpp, line 779]
Event: 13.608 Thread 0x0000002368094800 Exception <a 'java/lang/NoSuchMethodError'{0x00000000899964a0}: 'void java.lang.invoke.DirectMethodHandle$Holder.invokeInterface(java.lang.Object, java.lang.Object, int)'> (0x00000000899964a0) thrown at [./src/hotspot/share/interpreter/linkResolver.cpp, line 779]
Event: 13.619 Thread 0x0000002368094800 Exception <a 'java/lang/IncompatibleClassChangeError'{0x00000000899e1948}: Found class java.lang.Object, but interface was expected> (0x00000000899e1948) thrown at [./src/hotspot/share/interpreter/linkResolver.cpp, line 845]
Event: 13.620 Thread 0x0000002368094800 Exception <a 'java/lang/NoSuchMethodError'{0x00000000899e67f0}: 'void java.lang.invoke.DirectMethodHandle$Holder.invokeStatic(java.lang.Object, int, java.lang.Object)'> (0x00000000899e67f0) thrown at [./src/hotspot/share/interpreter/linkResolver.cpp, line 779]
Event: 14.584 Thread 0x0000002368094800 Exception <a 'java/io/FileNotFoundException'{0x00000000861df108}> (0x00000000861df108) thrown at [./src/hotspot/share/prims/jni.cpp, line 616]
Event: 14.585 Thread 0x0000002368094800 Exception <a 'java/io/FileNotFoundException'{0x00000000861e0448}> (0x00000000861e0448) thrown at [./src/hotspot/share/prims/jni.cpp, line 616]
Event: 14.666 Thread 0x0000002368094800 Exception <a 'java/lang/NoSuchMethodError'{0x0000000085e3d480}: 'int java.lang.invoke.DirectMethodHandle$Holder.invokeInterface(java.lang.Object, java.lang.Object, java.lang.Object, java.lang.Object)'> (0x0000000085e3d480) thrown at [./src/hotspot/share/interpreter/linkResolver.cpp, line 779]
Event: 14.908 Thread 0x0000002368094800 Exception <a 'java/io/FileNotFoundException'{0x0000000085ccb950}> (0x0000000085ccb950) thrown at [./src/hotspot/share/prims/jni.cpp, line 616]
Event: 15.090 Thread 0x0000002368094800 Exception <a 'java/lang/reflect/InvocationTargetException'{0x0000000085135018}> (0x0000000085135018) thrown at [./src/hotspot/share/runtime/reflection.cpp, line 1253]
Event: 15.092 Thread 0x0000002368094800 Exception <a 'java/lang/reflect/InvocationTargetException'{0x000000008513d410}> (0x000000008513d410) thrown at [./src/hotspot/share/runtime/reflection.cpp, line 1253]
Event: 15.101 Thread 0x0000002368094800 Exception <a 'java/lang/NoSuchMethodError'{0x000000008516a970}: 'void java.lang.invoke.DirectMethodHandle$Holder.invokeInterface(java.lang.Object, java.lang.Object)'> (0x000000008516a970) thrown at [./src/hotspot/share/interpreter/linkResolver.cpp, line 779]
Event: 15.153 Thread 0x0000002305e7b800 Exception <a 'java/lang/InterruptedException'{0x0000000085000040}: sleep interrupted> (0x0000000085000040) thrown at [./src/hotspot/share/prims/jvm.cpp, line 3126]

Events (20 events):
Event: 15.211 loading class org/springframework/boot/diagnostics/analyzer/BeanNotOfRequiredTypeFailureAnalyzer done
Event: 15.212 loading class org/springframework/boot/diagnostics/analyzer/BindFailureAnalyzer
Event: 15.212 loading class org/springframework/boot/diagnostics/analyzer/BindFailureAnalyzer done
Event: 15.213 loading class org/springframework/boot/diagnostics/analyzer/BindValidationFailureAnalyzer
Event: 15.213 loading class org/springframework/boot/diagnostics/analyzer/BindValidationFailureAnalyzer done
Event: 15.215 loading class org/springframework/boot/diagnostics/analyzer/UnboundConfigurationPropertyFailureAnalyzer
Event: 15.215 loading class org/springframework/boot/diagnostics/analyzer/UnboundConfigurationPropertyFailureAnalyzer done
Event: 15.216 loading class org/springframework/boot/diagnostics/analyzer/ConnectorStartFailureAnalyzer
Event: 15.216 loading class org/springframework/boot/diagnostics/analyzer/ConnectorStartFailureAnalyzer done
Event: 15.216 loading class org/springframework/boot/diagnostics/analyzer/NoSuchMethodFailureAnalyzer
Event: 15.216 loading class org/springframework/boot/diagnostics/analyzer/NoSuchMethodFailureAnalyzer done
Event: 15.218 loading class org/springframework/boot/diagnostics/analyzer/NoUniqueBeanDefinitionFailureAnalyzer
Event: 15.218 loading class org/springframework/boot/diagnostics/analyzer/NoUniqueBeanDefinitionFailureAnalyzer done
Event: 15.219 loading class org/springframework/boot/diagnostics/analyzer/PortInUseFailureAnalyzer
Event: 15.219 loading class org/springframework/boot/diagnostics/analyzer/PortInUseFailureAnalyzer done
Event: 15.220 loading class org/springframework/boot/diagnostics/analyzer/ValidationExceptionFailureAnalyzer
Event: 15.220 loading class org/springframework/boot/diagnostics/analyzer/ValidationExceptionFailureAnalyzer done
Event: 15.221 loading class org/springframework/boot/diagnostics/analyzer/InvalidConfigurationPropertyNameFailureAnalyzer
Event: 15.221 loading class org/springframework/boot/diagnostics/analyzer/InvalidConfigurationPropertyNameFailureAnalyzer done
Event: 15.221 Executing VM operation: G1CollectForAllocation


Dynamic libraries:
0x00007ff6d2b70000 - 0x00007ff6d2b7a000 	C:\Program Files\JetBrains\IntelliJ IDEA 2021.1\jbr\bin\java.exe
0x00007ffaec1c0000 - 0x00007ffaec36d000 	C:\Windows\SYSTEM32\ntdll.dll
0x00007ffaea2b0000 - 0x00007ffaea3ef000 	C:\Windows\system32\KERNEL32.DLL
0x00007ffad5c90000 - 0x00007ffad5ca5000 	C:\Program Files\AVAST Software\Avast\aswhook.dll
0x00007ffae96a0000 - 0x00007ffae97b5000 	C:\Windows\system32\KERNELBASE.dll
0x00007ffae2da0000 - 0x00007ffae2db9000 	C:\Program Files\JetBrains\IntelliJ IDEA 2021.1\jbr\bin\jli.dll
0x00007ffadf110000 - 0x00007ffadf127000 	C:\Program Files\JetBrains\IntelliJ IDEA 2021.1\jbr\bin\VCRUNTIME140.dll
0x00007ffadb320000 - 0x00007ffadb324000 	C:\Windows\SYSTEM32\api-ms-win-crt-stdio-l1-1-0.dll
0x00007ffadb330000 - 0x00007ffadb334000 	C:\Windows\SYSTEM32\api-ms-win-crt-runtime-l1-1-0.dll
0x00007ffadb2e0000 - 0x00007ffadb2e3000 	C:\Windows\SYSTEM32\api-ms-win-crt-environment-l1-1-0.dll
0x00007ffadb2d0000 - 0x00007ffadb2d5000 	C:\Windows\SYSTEM32\api-ms-win-crt-math-l1-1-0.dll
0x00007ffadb280000 - 0x00007ffadb283000 	C:\Windows\SYSTEM32\api-ms-win-crt-locale-l1-1-0.dll
0x00007ffadb2b0000 - 0x00007ffadb2b3000 	C:\Windows\SYSTEM32\api-ms-win-crt-heap-l1-1-0.dll
0x00007ffae6b30000 - 0x00007ffae6dab000 	C:\Windows\WinSxS\amd64_microsoft.windows.common-controls_6595b64144ccf1df_6.0.9600.19394_none_62486577ecb635cf\COMCTL32.dll
0x00007ffaea070000 - 0x00007ffaea1e7000 	C:\Windows\system32\USER32.dll
0x00007ffadb290000 - 0x00007ffadb293000 	C:\Windows\SYSTEM32\api-ms-win-crt-filesystem-l1-1-0.dll
0x00007ffadb300000 - 0x00007ffadb304000 	C:\Windows\SYSTEM32\api-ms-win-crt-string-l1-1-0.dll
0x00007ffadb2f0000 - 0x00007ffadb2f4000 	C:\Windows\SYSTEM32\api-ms-win-crt-convert-l1-1-0.dll
0x00007ffaea1f0000 - 0x00007ffaea29a000 	C:\Windows\system32\msvcrt.dll
0x00007ffaebe80000 - 0x00007ffaebfcd000 	C:\Windows\system32\GDI32.dll
0x00007ffadb170000 - 0x00007ffadb264000 	C:\Windows\SYSTEM32\ucrtbase.DLL
0x00007ffaebe40000 - 0x00007ffaebe76000 	C:\Windows\system32\IMM32.DLL
0x00007ffaea3f0000 - 0x00007ffaea541000 	C:\Windows\system32\MSCTF.dll
0x00007ffadf070000 - 0x00007ffadf10d000 	C:\Program Files\JetBrains\IntelliJ IDEA 2021.1\jbr\bin\msvcp140.dll
0x00007ffadb270000 - 0x00007ffadb275000 	C:\Windows\SYSTEM32\api-ms-win-crt-multibyte-l1-1-0.dll
0x00007ffadb310000 - 0x00007ffadb313000 	C:\Windows\SYSTEM32\api-ms-win-crt-time-l1-1-0.dll
0x00007ffadb2a0000 - 0x00007ffadb2a3000 	C:\Windows\SYSTEM32\api-ms-win-crt-utility-l1-1-0.dll
0x00007ffab27a0000 - 0x00007ffab32ef000 	C:\Program Files\JetBrains\IntelliJ IDEA 2021.1\jbr\bin\server\jvm.dll
0x00007ffaea620000 - 0x00007ffaea6ca000 	C:\Windows\system32\ADVAPI32.dll
0x00007ffae3310000 - 0x00007ffae3319000 	C:\Windows\SYSTEM32\WSOCK32.dll
0x00007ffad9470000 - 0x00007ffad9492000 	C:\Windows\SYSTEM32\WINMM.dll
0x00007ffae6e10000 - 0x00007ffae6e1a000 	C:\Windows\SYSTEM32\VERSION.dll
0x00007ffaea060000 - 0x00007ffaea067000 	C:\Windows\system32\PSAPI.DLL
0x00007ffaea6d0000 - 0x00007ffaea728000 	C:\Windows\SYSTEM32\sechost.dll
0x00007ffae9f20000 - 0x00007ffaea060000 	C:\Windows\system32\RPCRT4.dll
0x00007ffae9840000 - 0x00007ffae989a000 	C:\Windows\system32\WS2_32.dll
0x00007ffad8e90000 - 0x00007ffad8eba000 	C:\Windows\SYSTEM32\WINMMBASE.dll
0x00007ffae97c0000 - 0x00007ffae97ee000 	C:\Windows\system32\SspiCli.dll
0x00007ffaea2a0000 - 0x00007ffaea2a9000 	C:\Windows\system32\NSI.dll
0x00007ffae97f0000 - 0x00007ffae983f000 	C:\Windows\SYSTEM32\cfgmgr32.dll
0x00007ffae8120000 - 0x00007ffae8148000 	C:\Windows\SYSTEM32\DEVOBJ.dll
0x00007ffad8c90000 - 0x00007ffad8ca1000 	C:\Program Files\JetBrains\IntelliJ IDEA 2021.1\jbr\bin\verify.dll
0x00007ffae66d0000 - 0x00007ffae6859000 	C:\Windows\SYSTEM32\DBGHELP.DLL
0x00007ffacda60000 - 0x00007ffacda89000 	C:\Program Files\JetBrains\IntelliJ IDEA 2021.1\jbr\bin\java.dll
0x00007ffae45c0000 - 0x00007ffae45cb000 	C:\Program Files\JetBrains\IntelliJ IDEA 2021.1\jbr\bin\jimage.dll
0x00007ffade0b0000 - 0x00007ffade0bf000 	C:\Program Files\JetBrains\IntelliJ IDEA 2021.1\jbr\bin\instrument.dll
0x00007ffad8c70000 - 0x00007ffad8c88000 	C:\Program Files\JetBrains\IntelliJ IDEA 2021.1\jbr\bin\zip.dll
0x00007ffaea7f0000 - 0x00007ffaebd1e000 	C:\Windows\system32\SHELL32.dll
0x00007ffae9d00000 - 0x00007ffae9f11000 	C:\Windows\SYSTEM32\combase.dll
0x00007ffaebd20000 - 0x00007ffaebd74000 	C:\Windows\system32\SHLWAPI.dll
0x00007ffae7660000 - 0x00007ffae7712000 	C:\Windows\SYSTEM32\SHCORE.dll
0x00007ffae92e0000 - 0x00007ffae92f5000 	C:\Windows\SYSTEM32\profapi.dll
0x00007ffad7310000 - 0x00007ffad732a000 	C:\Program Files\JetBrains\IntelliJ IDEA 2021.1\jbr\bin\net.dll
0x00007ffadf760000 - 0x00007ffadf829000 	C:\Windows\SYSTEM32\WINHTTP.dll
0x00007ffae8b20000 - 0x00007ffae8b79000 	C:\Windows\system32\mswsock.dll
0x00007ffacddd0000 - 0x00007ffacdde4000 	C:\Program Files\JetBrains\IntelliJ IDEA 2021.1\jbr\bin\nio.dll
0x00007ffad6e50000 - 0x00007ffad6e6a000 	C:\Program Files\JetBrains\IntelliJ IDEA 2021.1\bin\breakgen64.dll
0x00007ffae8920000 - 0x00007ffae89c4000 	C:\Windows\SYSTEM32\DNSAPI.dll
0x000000006e230000 - 0x000000006e265000 	C:\Program Files\Bonjour\mdnsNSP.dll
0x00007ffae3d00000 - 0x00007ffae3d2a000 	C:\Windows\SYSTEM32\Iphlpapi.DLL
0x00007ffae3b50000 - 0x00007ffae3b5a000 	C:\Windows\SYSTEM32\WINNSI.DLL
0x00007ffadcaa0000 - 0x00007ffadcaaa000 	C:\Windows\System32\rasadhlp.dll
0x00007ffae39b0000 - 0x00007ffae3a1b000 	C:\Windows\System32\fwpuclnt.dll
0x00007ffad7040000 - 0x00007ffad704a000 	C:\Program Files\JetBrains\IntelliJ IDEA 2021.1\jbr\bin\management.dll
0x00007ffacda50000 - 0x00007ffacda5c000 	C:\Program Files\JetBrains\IntelliJ IDEA 2021.1\jbr\bin\management_ext.dll
0x00007ffae8b80000 - 0x00007ffae8ba0000 	C:\Windows\SYSTEM32\CRYPTSP.dll
0x00007ffae87a0000 - 0x00007ffae87d6000 	C:\Windows\system32\rsaenh.dll
0x00007ffae8dc0000 - 0x00007ffae8de6000 	C:\Windows\SYSTEM32\bcrypt.dll
0x00007ffae88b0000 - 0x00007ffae88d1000 	C:\Windows\SYSTEM32\USERENV.dll
0x00007ffae90e0000 - 0x00007ffae9143000 	C:\Windows\system32\bcryptprimitives.dll
0x00007ffae9150000 - 0x00007ffae915b000 	C:\Windows\SYSTEM32\CRYPTBASE.dll
0x00007ffae3420000 - 0x00007ffae3436000 	C:\Windows\SYSTEM32\dhcpcsvc6.DLL
0x00007ffae3f20000 - 0x00007ffae3f3a000 	C:\Windows\SYSTEM32\dhcpcsvc.DLL
0x00007ffaddd10000 - 0x00007ffaddd25000 	C:\Windows\system32\napinsp.dll
0x00007ffadceb0000 - 0x00007ffadceca000 	C:\Windows\system32\pnrpnsp.dll
0x00007ffae48d0000 - 0x00007ffae48eb000 	C:\Windows\system32\NLAapi.dll
0x00007ffadcea0000 - 0x00007ffadcead000 	C:\Windows\System32\winrnr.dll
0x00007ffadce20000 - 0x00007ffadce34000 	C:\Windows\system32\wshbth.dll

dbghelp: loaded successfully - version: 4.0.5 - missing functions: none
symbol engine: initialized successfully - sym options: 0x614 - pdb path: .;C:\Program Files\JetBrains\IntelliJ IDEA 2021.1\jbr\bin;C:\Windows\SYSTEM32;C:\Program Files\AVAST Software\Avast;C:\Windows\WinSxS\amd64_microsoft.windows.common-controls_6595b64144ccf1df_6.0.9600.19394_none_62486577ecb635cf;C:\Program Files\JetBrains\IntelliJ IDEA 2021.1\jbr\bin\server;C:\Program Files\JetBrains\IntelliJ IDEA 2021.1\bin;C:\Program Files\Bonjour

VM Arguments:
jvm_args: -XX:TieredStopAtLevel=1 -Xverify:none -Dspring.output.ansi.enabled=always -javaagent:C:\Program Files\JetBrains\IntelliJ IDEA 2021.1\lib\idea_rt.jar=59320:C:\Program Files\JetBrains\IntelliJ IDEA 2021.1\bin -Dcom.sun.management.jmxremote -Dspring.jmx.enabled=true -Dspring.liveBeansView.mbeanDomain -Dspring.application.admin.enabled=true -Dfile.encoding=UTF-8 
java_command: com.crud.tasks.TaskApplication
java_class_path (initial): C:\Development\task\build\classes\java\main;C:\Development\task\build\resources\main;C:\Users\tesco\.gradle\caches\modules-2\files-2.1\org.projectlombok\lombok\1.18.18\481f5bfed3ae29f656eedfe9e98c8365b8ba5c57\lombok-1.18.18.jar;C:\Users\tesco\.gradle\caches\modules-2\files-2.1\org.springframework.boot\spring-boot-starter-web\2.4.5\93cf2655557534e35723fbafa069bed2ee125832\spring-boot-starter-web-2.4.5.jar;C:\Users\tesco\.gradle\caches\modules-2\files-2.1\org.springframework.boot\spring-boot-starter-data-jpa\2.4.5\cba91e070e601c55eec0d8a1948dcca15703ad37\spring-boot-starter-data-jpa-2.4.5.jar;C:\Users\tesco\.gradle\caches\modules-2\files-2.1\org.springframework.boot\spring-boot-starter-validation\2.4.5\27acd26bb55058472e91e44e8155b256a610b87e\spring-boot-starter-validation-2.4.5.jar;C:\Users\tesco\.gradle\caches\modules-2\files-2.1\io.springfox\springfox-swagger2\2.9.2\362676bc7f4c6f9f1d568741becab0dfc198c898\springfox-swagger2-2.9.2.jar;C:\Users\tesco\.gradle\caches\modules-2\files-2.1\io.springfox\springfox-swagger-ui\2.9.2\d542382a88ff3ea8d4032c28b2b0325797fada7d\springfox-swagger-ui-2.9.2.jar;C:\Users\tesco\.gradle\caches\modules-2\files-2.1\org.springframework.boot\spring-boot-starter-json\2.4.5\5c1623aa53adf10cd98884f60db2d9f5958dbc28\spring-boot-starter-json-2.4.5.jar;C:\Users\tesco\.gradle\caches\modules-2\files-2.1\org.springframework.boot\spring-boot-starter\2.4.5\5f5398f459beb958fc2ece1a433420bf03cec628\spring-boot-starter-2.4.5.jar;C:\Users\tesco\.gradle\caches\modules-2\files-2.1\org.springframework.boot\spring-boot-starter-tomcat\2.4.5\f562f975967df544afd88d8d10aa4bcd356b799d\spring-boot-starter-tomcat-2.4.5.jar;C:\Users\tesco\.gradle\caches\modules-2\files-2.1\org.springframework\spring-webmvc\5.3.6\a9bff0c28f90c73b0443de1d9299f32778ac8421\spring-webmvc-5.3.6.jar;C:\Users\tesco\.gradle\caches\modules-2\files-2.1\org.springframework\spring-web\5.3.6\f9290db7324194921c236ad9a940467f55304fa7\spring-web-5.3.6.jar;C:\Users\tesco\
Launcher Type: SUN_STANDARD

[Global flags]
     bool BytecodeVerificationLocal                = false                                     {product} {command line}
     bool BytecodeVerificationRemote               = false                                     {product} {command line}
     intx CICompilerCount                          = 3                                         {product} {ergonomic}
     uint ConcGCThreads                            = 1                                         {product} {ergonomic}
     uint G1ConcRefinementThreads                  = 4                                         {product} {ergonomic}
   size_t G1HeapRegionSize                         = 1048576                                   {product} {ergonomic}
    uintx GCDrainStackTargetSize                   = 64                                        {product} {ergonomic}
   size_t InitialHeapSize                          = 134217728                                 {product} {ergonomic}
     bool ManagementServer                         = true                                      {product} {command line}
   size_t MarkStackSize                            = 4194304                                   {product} {ergonomic}
   size_t MaxHeapSize                              = 2118123520                                {product} {ergonomic}
   size_t MaxNewSize                               = 1270874112                                {product} {ergonomic}
   size_t MinHeapDeltaBytes                        = 1048576                                   {product} {ergonomic}
    uintx NonNMethodCodeHeapSize                   = 6973028                                {pd product} {ergonomic}
    uintx NonProfiledCodeHeapSize                  = 244685212                              {pd product} {ergonomic}
    uintx ProfiledCodeHeapSize                     = 0                                      {pd product} {ergonomic}
    uintx ReservedCodeCacheSize                    = 251658240                              {pd product} {ergonomic}
     bool SegmentedCodeCache                       = true                                      {product} {ergonomic}
     intx TieredStopAtLevel                        = 1                                         {product} {command line}
     bool UseCompressedClassPointers               = true                                 {lp64_product} {ergonomic}
     bool UseCompressedOops                        = true                                 {lp64_product} {ergonomic}
     bool UseG1GC                                  = true                                      {product} {ergonomic}
     bool UseLargePagesIndividualAllocation        = false                                  {pd product} {ergonomic}

Logging:
Log output configuration:
 #0: stdout all=warning uptime,level,tags
 #1: stderr all=off uptime,level,tags

Environment Variables:
JAVA_HOME=C:\Program Files\Java\jdk-11.0.12
PATH=C:\Program Files\Common Files\Oracle\Java\javapath;C:\gradle-7.0\bin;C:\Program Files\Git\cmd;C:\Program Files\Git\mingw64\bin;C:\Program Files\Git\usr\bin;C:\Program Files\Java\jdk-11.0.12\bin;C:\Program Files\heroku\bin;C:\Users\tesco\AppData\Local\Programs\Microsoft VS Code\bin
USERNAME=tesco
OS=Windows_NT
PROCESSOR_IDENTIFIER=Intel64 Family 6 Model 55 Stepping 3, GenuineIntel



---------------  S Y S T E M  ---------------

OS: Windows 8.1 , 64 bit Build 9600 (6.3.9600.19843)
OS uptime: 0 days 1:51 hours

CPU:total 4 (initial active 4) (4 cores per cpu, 1 threads per core) family 6 model 55 stepping 3 microcode 0x31a, cmov, cx8, fxsr, mmx, sse, sse2, sse3, ssse3, sse4.1, sse4.2, popcnt, clmul, erms, 3dnowpref, tsc, tscinvbit

Memory: 4k page, system-wide physical 8075M (968M free)
TotalPageFile size 9099M (AvailPageFile size 22M)
current process WorkingSet (physical memory assigned to process): 190M, peak: 190M
current process commit charge ("private bytes"): 253M, peak: 279M

vm_info: Dynamic Code Evolution 64-Bit Server VM (11.0.10+9-b1341.35) for windows-amd64 JRE (11.0.10+9-b1341.35), built on Mar 31 2021 02:11:12 by "" with MS VC++ 14.0 (VS2015)

END.
