#
# There is insufficient memory for the Java Runtime Environment to continue.
# Native memory allocation (mmap) failed to map 134217728 bytes for Failed to commit area from 0x0000000081c00000 to 0x0000000089c00000 of length 134217728.
# Possible reasons:
#   The system is out of physical RAM or swap space
#   The process is running with CompressedOops enabled, and the Java Heap may be blocking the growth of the native heap
# Possible solutions:
#   Reduce memory load on the system
#   Increase physical memory or swap space
#   Check if swap backing store is full
#   Decrease Java heap size (-Xmx/-Xms)
#   Decrease number of Java threads
#   Decrease Java thread stack sizes (-Xss)
#   Set larger code cache with -XX:ReservedCodeCacheSize=
# This output file may be truncated or incomplete.
#
#  Out of Memory Error (./src/hotspot/os/windows/os_windows.cpp:3301), pid=7880, tid=6900
#
# JRE version:  (11.0.10+9) (build )
# Java VM: Dynamic Code Evolution 64-Bit Server VM (11.0.10+9-b1341.35, mixed mode, sharing, tiered, compressed oops, g1 gc, windows-amd64)
# No core dump will be written. Minidumps are not enabled by default on client versions of Windows
#

---------------  S U M M A R Y ------------

Command Line: -XX:TieredStopAtLevel=1 -Xverify:none -Dspring.output.ansi.enabled=always -javaagent:C:\Program Files\JetBrains\IntelliJ IDEA 2021.1\lib\idea_rt.jar=56608:C:\Program Files\JetBrains\IntelliJ IDEA 2021.1\bin -Dcom.sun.management.jmxremote -Dspring.jmx.enabled=true -Dspring.liveBeansView.mbeanDomain -Dspring.application.admin.enabled=true -Dfile.encoding=UTF-8 com.crud.tasks.TaskApplication

Host: Intel(R) Pentium(R) CPU  N3520  @ 2.16GHz, 4 cores, 7G,  Windows 8.1 , 64 bit Build 9600 (6.3.9600.19843)
Time: Sun Sep  5 20:14:41 2021 ?rodkowoeuropejski czas letni elapsed time: 0.177498 seconds (0d 0h 0m 0s)

---------------  T H R E A D  ---------------

Current thread (0x0000004e856b0800):  JavaThread "Unknown thread" [_thread_in_vm, id=6900, stack(0x0000004e84d40000,0x0000004e84e40000)]

Stack: [0x0000004e84d40000,0x0000004e84e40000]
Native frames: (J=compiled Java code, j=interpreted, Vv=VM code, C=native code)
V  [jvm.dll+0x5f84fa]
V  [jvm.dll+0x77e085]
V  [jvm.dll+0x77f5dd]
V  [jvm.dll+0x77fc93]
V  [jvm.dll+0x2457e8]
V  [jvm.dll+0x5f58f4]
V  [jvm.dll+0x5ea975]
V  [jvm.dll+0x30228b]
V  [jvm.dll+0x3021fa]
V  [jvm.dll+0x3020d2]
V  [jvm.dll+0x306fb6]
V  [jvm.dll+0x34f843]
V  [jvm.dll+0x34ff46]
V  [jvm.dll+0x34f943]
V  [jvm.dll+0x2dbcb8]
V  [jvm.dll+0x2dce57]
V  [jvm.dll+0x75c4d7]
V  [jvm.dll+0x75dd6c]
V  [jvm.dll+0x35cdb9]
V  [jvm.dll+0x73fc9e]
V  [jvm.dll+0x3c5663]
V  [jvm.dll+0x3c7a21]
C  [jli.dll+0x5373]
C  [ucrtbase.DLL+0x1f4a0]
C  [KERNEL32.DLL+0x13f2]
C  [ntdll.dll+0x154f4]


---------------  P R O C E S S  ---------------

Threads class SMR info:
_java_thread_list=0x0000004e834e7480, length=0, elements={
}

Java Threads: ( => current thread )

Other Threads:
  0x0000004e856c8800 GCTaskThread "GC Thread#0" [stack: 0x0000004e85020000,0x0000004e85120000] [id=4832]
  0x0000004e856f9000 ConcurrentGCThread "G1 Main Marker" [stack: 0x0000004e9cda0000,0x0000004e9cea0000] [id=8688]
  0x0000004e856fa800 ConcurrentGCThread "G1 Conc#0" [stack: 0x0000004e9cea0000,0x0000004e9cfa0000] [id=1860]

[error occurred during error reporting (printing all threads), id 0xc0000005, EXCEPTION_ACCESS_VIOLATION (0xc0000005) at pc=0x00007ffc07fec437]

VM state:not at safepoint (not fully initialized)

VM Mutex/Monitor currently owned by a thread:  ([mutex/lock_event])
[0x0000004e856ace80] Heap_lock - owner thread: 0x0000004e856b0800

Heap address: 0x0000000081c00000, size: 2020 MB, Compressed Oops mode: Non-zero based: 0x0000000081c00000
Narrow klass base: 0x0000000000000000, Narrow klass shift: 0

GC Heap History (0 events):
No events

Deoptimization events (0 events):
No events

Classes redefined (0 events):
No events

Internal exceptions (0 events):
No events

Events (1 events):
Event: 0.123 Loaded shared library C:\Program Files\JetBrains\IntelliJ IDEA 2021.1\jbr\bin\zip.dll


Dynamic libraries:
0x00007ff6fd5a0000 - 0x00007ff6fd5aa000 	C:\Program Files\JetBrains\IntelliJ IDEA 2021.1\jbr\bin\java.exe
0x00007ffc44b20000 - 0x00007ffc44ccd000 	C:\Windows\SYSTEM32\ntdll.dll
0x00007ffc44630000 - 0x00007ffc4476f000 	C:\Windows\system32\KERNEL32.DLL
0x00007ffc25ba0000 - 0x00007ffc25bb5000 	C:\Program Files\AVAST Software\Avast\aswhook.dll
0x00007ffc42080000 - 0x00007ffc42195000 	C:\Windows\system32\KERNELBASE.dll
0x00007ffc31410000 - 0x00007ffc31429000 	C:\Program Files\JetBrains\IntelliJ IDEA 2021.1\jbr\bin\jli.dll
0x00007ffc313a0000 - 0x00007ffc313b7000 	C:\Program Files\JetBrains\IntelliJ IDEA 2021.1\jbr\bin\VCRUNTIME140.dll
0x00007ffc2ac80000 - 0x00007ffc2ac84000 	C:\Windows\SYSTEM32\api-ms-win-crt-stdio-l1-1-0.dll
0x00007ffc2ac90000 - 0x00007ffc2ac94000 	C:\Windows\SYSTEM32\api-ms-win-crt-runtime-l1-1-0.dll
0x00007ffc2ac40000 - 0x00007ffc2ac43000 	C:\Windows\SYSTEM32\api-ms-win-crt-environment-l1-1-0.dll
0x00007ffc2ac30000 - 0x00007ffc2ac35000 	C:\Windows\SYSTEM32\api-ms-win-crt-math-l1-1-0.dll
0x00007ffc2abe0000 - 0x00007ffc2abe3000 	C:\Windows\SYSTEM32\api-ms-win-crt-locale-l1-1-0.dll
0x00007ffc2ac10000 - 0x00007ffc2ac13000 	C:\Windows\SYSTEM32\api-ms-win-crt-heap-l1-1-0.dll
0x00007ffc3e660000 - 0x00007ffc3e8db000 	C:\Windows\WinSxS\amd64_microsoft.windows.common-controls_6595b64144ccf1df_6.0.9600.19394_none_62486577ecb635cf\COMCTL32.dll
0x00007ffc43b30000 - 0x00007ffc43ca7000 	C:\Windows\system32\USER32.dll
0x00007ffc2abf0000 - 0x00007ffc2abf3000 	C:\Windows\SYSTEM32\api-ms-win-crt-filesystem-l1-1-0.dll
0x00007ffc2ac60000 - 0x00007ffc2ac64000 	C:\Windows\SYSTEM32\api-ms-win-crt-string-l1-1-0.dll
0x00007ffc2ac50000 - 0x00007ffc2ac54000 	C:\Windows\SYSTEM32\api-ms-win-crt-convert-l1-1-0.dll
0x00007ffc422f0000 - 0x00007ffc4239a000 	C:\Windows\system32\msvcrt.dll
0x00007ffc421a0000 - 0x00007ffc422ed000 	C:\Windows\system32\GDI32.dll
0x00007ffc2aad0000 - 0x00007ffc2abc4000 	C:\Windows\SYSTEM32\ucrtbase.DLL
0x00007ffc449b0000 - 0x00007ffc449e6000 	C:\Windows\system32\IMM32.DLL
0x00007ffc43d60000 - 0x00007ffc43eb1000 	C:\Windows\system32\MSCTF.dll
0x00007ffc16270000 - 0x00007ffc1630d000 	C:\Program Files\JetBrains\IntelliJ IDEA 2021.1\jbr\bin\msvcp140.dll
0x00007ffc2abd0000 - 0x00007ffc2abd5000 	C:\Windows\SYSTEM32\api-ms-win-crt-multibyte-l1-1-0.dll
0x00007ffc2ac70000 - 0x00007ffc2ac73000 	C:\Windows\SYSTEM32\api-ms-win-crt-time-l1-1-0.dll
0x00007ffc2ac00000 - 0x00007ffc2ac03000 	C:\Windows\SYSTEM32\api-ms-win-crt-utility-l1-1-0.dll
0x00007ffc07d00000 - 0x00007ffc0884f000 	C:\Program Files\JetBrains\IntelliJ IDEA 2021.1\jbr\bin\server\jvm.dll
0x00007ffc43cb0000 - 0x00007ffc43d5a000 	C:\Windows\system32\ADVAPI32.dll
0x00007ffc3b420000 - 0x00007ffc3b429000 	C:\Windows\SYSTEM32\WSOCK32.dll
0x00007ffc2ea50000 - 0x00007ffc2ea72000 	C:\Windows\SYSTEM32\WINMM.dll
0x00007ffc3ff30000 - 0x00007ffc3ff3a000 	C:\Windows\SYSTEM32\VERSION.dll
0x00007ffc43ec0000 - 0x00007ffc43ec7000 	C:\Windows\system32\PSAPI.DLL
0x00007ffc43ee0000 - 0x00007ffc43f38000 	C:\Windows\SYSTEM32\sechost.dll
0x00007ffc444f0000 - 0x00007ffc44630000 	C:\Windows\system32\RPCRT4.dll
0x00007ffc44780000 - 0x00007ffc447da000 	C:\Windows\system32\WS2_32.dll
0x00007ffc2ea10000 - 0x00007ffc2ea3a000 	C:\Windows\SYSTEM32\WINMMBASE.dll
0x00007ffc41ff0000 - 0x00007ffc4201e000 	C:\Windows\system32\SspiCli.dll
0x00007ffc44770000 - 0x00007ffc44779000 	C:\Windows\system32\NSI.dll
0x00007ffc41dc0000 - 0x00007ffc41e0f000 	C:\Windows\SYSTEM32\cfgmgr32.dll
0x00007ffc40a70000 - 0x00007ffc40a98000 	C:\Windows\SYSTEM32\DEVOBJ.dll
0x00007ffc373f0000 - 0x00007ffc37401000 	C:\Program Files\JetBrains\IntelliJ IDEA 2021.1\jbr\bin\verify.dll
0x00007ffc3e070000 - 0x00007ffc3e1f9000 	C:\Windows\SYSTEM32\DBGHELP.DLL
0x00007ffc373c0000 - 0x00007ffc373e9000 	C:\Program Files\JetBrains\IntelliJ IDEA 2021.1\jbr\bin\java.dll
0x00007ffc3b790000 - 0x00007ffc3b79b000 	C:\Program Files\JetBrains\IntelliJ IDEA 2021.1\jbr\bin\jimage.dll
0x00007ffc35ac0000 - 0x00007ffc35acf000 	C:\Program Files\JetBrains\IntelliJ IDEA 2021.1\jbr\bin\instrument.dll
0x00007ffc373a0000 - 0x00007ffc373b8000 	C:\Program Files\JetBrains\IntelliJ IDEA 2021.1\jbr\bin\zip.dll

dbghelp: loaded successfully - version: 4.0.5 - missing functions: none
symbol engine: initialized successfully - sym options: 0x614 - pdb path: .;C:\Program Files\JetBrains\IntelliJ IDEA 2021.1\jbr\bin;C:\Windows\SYSTEM32;C:\Program Files\AVAST Software\Avast;C:\Windows\WinSxS\amd64_microsoft.windows.common-controls_6595b64144ccf1df_6.0.9600.19394_none_62486577ecb635cf;C:\Program Files\JetBrains\IntelliJ IDEA 2021.1\jbr\bin\server

VM Arguments:
jvm_args: -XX:TieredStopAtLevel=1 -Xverify:none -Dspring.output.ansi.enabled=always -javaagent:C:\Program Files\JetBrains\IntelliJ IDEA 2021.1\lib\idea_rt.jar=56608:C:\Program Files\JetBrains\IntelliJ IDEA 2021.1\bin -Dcom.sun.management.jmxremote -Dspring.jmx.enabled=true -Dspring.liveBeansView.mbeanDomain -Dspring.application.admin.enabled=true -Dfile.encoding=UTF-8 
java_command: com.crud.tasks.TaskApplication
java_class_path (initial): C:\Development\task\build\classes\java\main;C:\Development\task\build\resources\main;C:\Users\tesco\.gradle\caches\modules-2\files-2.1\org.projectlombok\lombok\1.18.20\18bcea7d5df4d49227b4a0743a536208ce4825bb\lombok-1.18.20.jar;C:\Users\tesco\.gradle\caches\modules-2\files-2.1\org.springframework.boot\spring-boot-starter-web\2.4.5\93cf2655557534e35723fbafa069bed2ee125832\spring-boot-starter-web-2.4.5.jar;C:\Users\tesco\.gradle\caches\modules-2\files-2.1\org.springframework.boot\spring-boot-starter-data-jpa\2.4.5\cba91e070e601c55eec0d8a1948dcca15703ad37\spring-boot-starter-data-jpa-2.4.5.jar;C:\Users\tesco\.gradle\caches\modules-2\files-2.1\org.springframework.boot\spring-boot-starter-validation\2.4.5\27acd26bb55058472e91e44e8155b256a610b87e\spring-boot-starter-validation-2.4.5.jar;C:\Users\tesco\.gradle\caches\modules-2\files-2.1\org.springframework.boot\spring-boot-starter-json\2.4.5\5c1623aa53adf10cd98884f60db2d9f5958dbc28\spring-boot-starter-json-2.4.5.jar;C:\Users\tesco\.gradle\caches\modules-2\files-2.1\org.springframework.boot\spring-boot-starter\2.4.5\5f5398f459beb958fc2ece1a433420bf03cec628\spring-boot-starter-2.4.5.jar;C:\Users\tesco\.gradle\caches\modules-2\files-2.1\org.springframework.boot\spring-boot-starter-tomcat\2.4.5\f562f975967df544afd88d8d10aa4bcd356b799d\spring-boot-starter-tomcat-2.4.5.jar;C:\Users\tesco\.gradle\caches\modules-2\files-2.1\org.springframework\spring-webmvc\5.3.6\a9bff0c28f90c73b0443de1d9299f32778ac8421\spring-webmvc-5.3.6.jar;C:\Users\tesco\.gradle\caches\modules-2\files-2.1\org.springframework\spring-web\5.3.6\f9290db7324194921c236ad9a940467f55304fa7\spring-web-5.3.6.jar;C:\Users\tesco\.gradle\caches\modules-2\files-2.1\org.springframework.boot\spring-boot-starter-aop\2.4.5\853bfc5d1c867f66880971515bda82ecc737e839\spring-boot-starter-aop-2.4.5.jar;C:\Users\tesco\.gradle\caches\modules-2\files-2.1\org.springframework.boot\spring-boot-starter-jdbc\2.4.5\abcca18ef5a2c877a5574a492b570bb260640de3\spring-b
Launcher Type: SUN_STANDARD

[Global flags]
     bool BytecodeVerificationLocal                = false                                     {product} {command line}
     bool BytecodeVerificationRemote               = false                                     {product} {command line}
     intx CICompilerCount                          = 3                                         {product} {ergonomic}
     uint ConcGCThreads                            = 1                                         {product} {ergonomic}
     uint G1ConcRefinementThreads                  = 4                                         {product} {ergonomic}
   size_t G1HeapRegionSize                         = 1048576                                   {product} {ergonomic}
    uintx GCDrainStackTargetSize                   = 64                                        {product} {ergonomic}
   size_t InitialHeapSize                          = 134217728                                 {product} {ergonomic}
     bool ManagementServer                         = true                                      {product} {command line}
   size_t MarkStackSize                            = 4194304                                   {product} {ergonomic}
   size_t MaxHeapSize                              = 2118123520                                {product} {ergonomic}
   size_t MinHeapDeltaBytes                        = 1048576                                   {product} {ergonomic}
    uintx NonNMethodCodeHeapSize                   = 6973028                                {pd product} {ergonomic}
    uintx NonProfiledCodeHeapSize                  = 244685212                              {pd product} {ergonomic}
    uintx ProfiledCodeHeapSize                     = 0                                      {pd product} {ergonomic}
    uintx ReservedCodeCacheSize                    = 251658240                              {pd product} {ergonomic}
     bool SegmentedCodeCache                       = true                                      {product} {ergonomic}
     intx TieredStopAtLevel                        = 1                                         {product} {command line}
     bool UseCompressedClassPointers               = true                                 {lp64_product} {ergonomic}
     bool UseCompressedOops                        = true                                 {lp64_product} {ergonomic}
     bool UseG1GC                                  = true                                      {product} {ergonomic}
     bool UseLargePagesIndividualAllocation        = false                                  {pd product} {ergonomic}

Logging:
Log output configuration:
 #0: stdout all=warning uptime,level,tags
 #1: stderr all=off uptime,level,tags

Environment Variables:
JAVA_HOME=C:\Program Files\Java\jdk-11.0.12
PATH=C:\Program Files\Common Files\Oracle\Java\javapath;C:\gradle-7.0\bin;C:\Program Files\Git\cmd;C:\Program Files\Git\mingw64\bin;C:\Program Files\Git\usr\bin;C:\Program Files\Java\jdk-11.0.12\bin;C:\Program Files\heroku\bin
USERNAME=tesco
OS=Windows_NT
PROCESSOR_IDENTIFIER=Intel64 Family 6 Model 55 Stepping 3, GenuineIntel



---------------  S Y S T E M  ---------------

OS: Windows 8.1 , 64 bit Build 9600 (6.3.9600.19843)
OS uptime: 0 days 7:41 hours

CPU:total 4 (initial active 4) (4 cores per cpu, 1 threads per core) family 6 model 55 stepping 3 microcode 0x31a, cmov, cx8, fxsr, mmx, sse, sse2, sse3, ssse3, sse4.1, sse4.2, popcnt, clmul, erms, 3dnowpref, tsc, tscinvbit

Memory: 4k page, system-wide physical 8075M (998M free)
TotalPageFile size 9099M (AvailPageFile size 70M)
current process WorkingSet (physical memory assigned to process): 9M, peak: 9M
current process commit charge ("private bytes"): 49M, peak: 177M

vm_info: Dynamic Code Evolution 64-Bit Server VM (11.0.10+9-b1341.35) for windows-amd64 JRE (11.0.10+9-b1341.35), built on Mar 31 2021 02:11:12 by "" with MS VC++ 14.0 (VS2015)

END.
